{"numFailedTestSuites":12,"numFailedTests":37,"numPassedTestSuites":8,"numPassedTests":122,"numPendingTestSuites":0,"numPendingTests":0,"numRuntimeErrorTestSuites":0,"numTodoTests":0,"numTotalTestSuites":20,"numTotalTests":159,"openHandles":[],"snapshot":{"added":0,"didUpdate":false,"failure":false,"filesAdded":0,"filesRemoved":0,"filesRemovedList":[],"filesUnmatched":0,"filesUpdated":0,"matched":0,"total":0,"unchecked":0,"uncheckedKeysByFile":[],"unmatched":0,"updated":0},"startTime":1744152034477,"success":false,"testResults":[{"assertionResults":[{"ancestorTitles":["ThemeProvider"],"duration":883,"failureDetails":[{}],"failureMessages":["Error: useTheme must be used within a ThemeProvider\n    at useTheme (C:\\Users\\Win11 Pro\\Documents\\Solva\\docanalyze\\nextjs-temp\\src\\components\\ThemeProvider.tsx:104:15)\n    at TestComponent (C:\\Users\\Win11 Pro\\Documents\\Solva\\docanalyze\\nextjs-temp\\src\\__tests__\\components\\ThemeProvider.test.tsx:7:52)\n    at renderWithHooks (C:\\Users\\Win11 Pro\\Documents\\Solva\\docanalyze\\nextjs-temp\\node_modules\\react-dom\\cjs\\react-dom.development.js:15486:18)\n    at mountIndeterminateComponent (C:\\Users\\Win11 Pro\\Documents\\Solva\\docanalyze\\nextjs-temp\\node_modules\\react-dom\\cjs\\react-dom.development.js:20103:13)\n    at beginWork (C:\\Users\\Win11 Pro\\Documents\\Solva\\docanalyze\\nextjs-temp\\node_modules\\react-dom\\cjs\\react-dom.development.js:21626:16)\n    at beginWork$1 (C:\\Users\\Win11 Pro\\Documents\\Solva\\docanalyze\\nextjs-temp\\node_modules\\react-dom\\cjs\\react-dom.development.js:27465:14)\n    at performUnitOfWork (C:\\Users\\Win11 Pro\\Documents\\Solva\\docanalyze\\nextjs-temp\\node_modules\\react-dom\\cjs\\react-dom.development.js:26599:12)\n    at workLoopSync (C:\\Users\\Win11 Pro\\Documents\\Solva\\docanalyze\\nextjs-temp\\node_modules\\react-dom\\cjs\\react-dom.development.js:26505:5)\n    at renderRootSync (C:\\Users\\Win11 Pro\\Documents\\Solva\\docanalyze\\nextjs-temp\\node_modules\\react-dom\\cjs\\react-dom.development.js:26473:7)\n    at recoverFromConcurrentError (C:\\Users\\Win11 Pro\\Documents\\Solva\\docanalyze\\nextjs-temp\\node_modules\\react-dom\\cjs\\react-dom.development.js:25889:20)\n    at performConcurrentWorkOnRoot (C:\\Users\\Win11 Pro\\Documents\\Solva\\docanalyze\\nextjs-temp\\node_modules\\react-dom\\cjs\\react-dom.development.js:25789:22)\n    at flushActQueue (C:\\Users\\Win11 Pro\\Documents\\Solva\\docanalyze\\nextjs-temp\\node_modules\\react\\cjs\\react.development.js:2667:24)\n    at act (C:\\Users\\Win11 Pro\\Documents\\Solva\\docanalyze\\nextjs-temp\\node_modules\\react\\cjs\\react.development.js:2582:11)\n    at C:\\Users\\Win11 Pro\\Documents\\Solva\\docanalyze\\nextjs-temp\\node_modules\\@testing-library\\react\\dist\\act-compat.js:47:25\n    at renderRoot (C:\\Users\\Win11 Pro\\Documents\\Solva\\docanalyze\\nextjs-temp\\node_modules\\@testing-library\\react\\dist\\pure.js:180:26)\n    at render (C:\\Users\\Win11 Pro\\Documents\\Solva\\docanalyze\\nextjs-temp\\node_modules\\@testing-library\\react\\dist\\pure.js:271:10)\n    at Object.<anonymous> (C:\\Users\\Win11 Pro\\Documents\\Solva\\docanalyze\\nextjs-temp\\src\\__tests__\\components\\ThemeProvider.test.tsx:55:11)\n    at Promise.then.completed (C:\\Users\\Win11 Pro\\Documents\\Solva\\docanalyze\\nextjs-temp\\node_modules\\jest-circus\\build\\utils.js:298:28)\n    at new Promise (<anonymous>)\n    at callAsyncCircusFn (C:\\Users\\Win11 Pro\\Documents\\Solva\\docanalyze\\nextjs-temp\\node_modules\\jest-circus\\build\\utils.js:231:10)\n    at _callCircusTest (C:\\Users\\Win11 Pro\\Documents\\Solva\\docanalyze\\nextjs-temp\\node_modules\\jest-circus\\build\\run.js:316:40)\n    at processTicksAndRejections (node:internal/process/task_queues:105:5)\n    at _runTest (C:\\Users\\Win11 Pro\\Documents\\Solva\\docanalyze\\nextjs-temp\\node_modules\\jest-circus\\build\\run.js:252:3)\n    at _runTestsForDescribeBlock (C:\\Users\\Win11 Pro\\Documents\\Solva\\docanalyze\\nextjs-temp\\node_modules\\jest-circus\\build\\run.js:126:9)\n    at _runTestsForDescribeBlock (C:\\Users\\Win11 Pro\\Documents\\Solva\\docanalyze\\nextjs-temp\\node_modules\\jest-circus\\build\\run.js:121:9)\n    at run (C:\\Users\\Win11 Pro\\Documents\\Solva\\docanalyze\\nextjs-temp\\node_modules\\jest-circus\\build\\run.js:71:3)\n    at runAndTransformResultsToJestFormat (C:\\Users\\Win11 Pro\\Documents\\Solva\\docanalyze\\nextjs-temp\\node_modules\\jest-circus\\build\\legacy-code-todo-rewrite\\jestAdapterInit.js:122:21)\n    at jestAdapter (C:\\Users\\Win11 Pro\\Documents\\Solva\\docanalyze\\nextjs-temp\\node_modules\\jest-circus\\build\\legacy-code-todo-rewrite\\jestAdapter.js:79:19)\n    at runTestInternal (C:\\Users\\Win11 Pro\\Documents\\Solva\\docanalyze\\nextjs-temp\\node_modules\\jest-runner\\build\\runTest.js:367:16)\n    at runTest (C:\\Users\\Win11 Pro\\Documents\\Solva\\docanalyze\\nextjs-temp\\node_modules\\jest-runner\\build\\runTest.js:444:34)\n    at Object.worker (C:\\Users\\Win11 Pro\\Documents\\Solva\\docanalyze\\nextjs-temp\\node_modules\\jest-runner\\build\\testWorker.js:106:12)"],"fullName":"ThemeProvider provides default light theme when no localStorage value exists","invocations":1,"location":null,"numPassingAsserts":0,"retryReasons":[],"status":"failed","title":"provides default light theme when no localStorage value exists"},{"ancestorTitles":["ThemeProvider"],"duration":36,"failureDetails":[{}],"failureMessages":["Error: useTheme must be used within a ThemeProvider\n    at useTheme (C:\\Users\\Win11 Pro\\Documents\\Solva\\docanalyze\\nextjs-temp\\src\\components\\ThemeProvider.tsx:104:15)\n    at TestComponent (C:\\Users\\Win11 Pro\\Documents\\Solva\\docanalyze\\nextjs-temp\\src\\__tests__\\components\\ThemeProvider.test.tsx:7:52)\n    at renderWithHooks (C:\\Users\\Win11 Pro\\Documents\\Solva\\docanalyze\\nextjs-temp\\node_modules\\react-dom\\cjs\\react-dom.development.js:15486:18)\n    at mountIndeterminateComponent (C:\\Users\\Win11 Pro\\Documents\\Solva\\docanalyze\\nextjs-temp\\node_modules\\react-dom\\cjs\\react-dom.development.js:20103:13)\n    at beginWork (C:\\Users\\Win11 Pro\\Documents\\Solva\\docanalyze\\nextjs-temp\\node_modules\\react-dom\\cjs\\react-dom.development.js:21626:16)\n    at beginWork$1 (C:\\Users\\Win11 Pro\\Documents\\Solva\\docanalyze\\nextjs-temp\\node_modules\\react-dom\\cjs\\react-dom.development.js:27465:14)\n    at performUnitOfWork (C:\\Users\\Win11 Pro\\Documents\\Solva\\docanalyze\\nextjs-temp\\node_modules\\react-dom\\cjs\\react-dom.development.js:26599:12)\n    at workLoopSync (C:\\Users\\Win11 Pro\\Documents\\Solva\\docanalyze\\nextjs-temp\\node_modules\\react-dom\\cjs\\react-dom.development.js:26505:5)\n    at renderRootSync (C:\\Users\\Win11 Pro\\Documents\\Solva\\docanalyze\\nextjs-temp\\node_modules\\react-dom\\cjs\\react-dom.development.js:26473:7)\n    at recoverFromConcurrentError (C:\\Users\\Win11 Pro\\Documents\\Solva\\docanalyze\\nextjs-temp\\node_modules\\react-dom\\cjs\\react-dom.development.js:25889:20)\n    at performConcurrentWorkOnRoot (C:\\Users\\Win11 Pro\\Documents\\Solva\\docanalyze\\nextjs-temp\\node_modules\\react-dom\\cjs\\react-dom.development.js:25789:22)\n    at flushActQueue (C:\\Users\\Win11 Pro\\Documents\\Solva\\docanalyze\\nextjs-temp\\node_modules\\react\\cjs\\react.development.js:2667:24)\n    at act (C:\\Users\\Win11 Pro\\Documents\\Solva\\docanalyze\\nextjs-temp\\node_modules\\react\\cjs\\react.development.js:2582:11)\n    at C:\\Users\\Win11 Pro\\Documents\\Solva\\docanalyze\\nextjs-temp\\node_modules\\@testing-library\\react\\dist\\act-compat.js:47:25\n    at renderRoot (C:\\Users\\Win11 Pro\\Documents\\Solva\\docanalyze\\nextjs-temp\\node_modules\\@testing-library\\react\\dist\\pure.js:180:26)\n    at render (C:\\Users\\Win11 Pro\\Documents\\Solva\\docanalyze\\nextjs-temp\\node_modules\\@testing-library\\react\\dist\\pure.js:271:10)\n    at Object.<anonymous> (C:\\Users\\Win11 Pro\\Documents\\Solva\\docanalyze\\nextjs-temp\\src\\__tests__\\components\\ThemeProvider.test.tsx:68:11)\n    at Promise.then.completed (C:\\Users\\Win11 Pro\\Documents\\Solva\\docanalyze\\nextjs-temp\\node_modules\\jest-circus\\build\\utils.js:298:28)\n    at new Promise (<anonymous>)\n    at callAsyncCircusFn (C:\\Users\\Win11 Pro\\Documents\\Solva\\docanalyze\\nextjs-temp\\node_modules\\jest-circus\\build\\utils.js:231:10)\n    at _callCircusTest (C:\\Users\\Win11 Pro\\Documents\\Solva\\docanalyze\\nextjs-temp\\node_modules\\jest-circus\\build\\run.js:316:40)\n    at processTicksAndRejections (node:internal/process/task_queues:105:5)\n    at _runTest (C:\\Users\\Win11 Pro\\Documents\\Solva\\docanalyze\\nextjs-temp\\node_modules\\jest-circus\\build\\run.js:252:3)\n    at _runTestsForDescribeBlock (C:\\Users\\Win11 Pro\\Documents\\Solva\\docanalyze\\nextjs-temp\\node_modules\\jest-circus\\build\\run.js:126:9)\n    at _runTestsForDescribeBlock (C:\\Users\\Win11 Pro\\Documents\\Solva\\docanalyze\\nextjs-temp\\node_modules\\jest-circus\\build\\run.js:121:9)\n    at run (C:\\Users\\Win11 Pro\\Documents\\Solva\\docanalyze\\nextjs-temp\\node_modules\\jest-circus\\build\\run.js:71:3)\n    at runAndTransformResultsToJestFormat (C:\\Users\\Win11 Pro\\Documents\\Solva\\docanalyze\\nextjs-temp\\node_modules\\jest-circus\\build\\legacy-code-todo-rewrite\\jestAdapterInit.js:122:21)\n    at jestAdapter (C:\\Users\\Win11 Pro\\Documents\\Solva\\docanalyze\\nextjs-temp\\node_modules\\jest-circus\\build\\legacy-code-todo-rewrite\\jestAdapter.js:79:19)\n    at runTestInternal (C:\\Users\\Win11 Pro\\Documents\\Solva\\docanalyze\\nextjs-temp\\node_modules\\jest-runner\\build\\runTest.js:367:16)\n    at runTest (C:\\Users\\Win11 Pro\\Documents\\Solva\\docanalyze\\nextjs-temp\\node_modules\\jest-runner\\build\\runTest.js:444:34)\n    at Object.worker (C:\\Users\\Win11 Pro\\Documents\\Solva\\docanalyze\\nextjs-temp\\node_modules\\jest-runner\\build\\testWorker.js:106:12)"],"fullName":"ThemeProvider loads theme from localStorage on mount","invocations":1,"location":null,"numPassingAsserts":0,"retryReasons":[],"status":"failed","title":"loads theme from localStorage on mount"},{"ancestorTitles":["ThemeProvider"],"duration":29,"failureDetails":[{}],"failureMessages":["Error: useTheme must be used within a ThemeProvider\n    at useTheme (C:\\Users\\Win11 Pro\\Documents\\Solva\\docanalyze\\nextjs-temp\\src\\components\\ThemeProvider.tsx:104:15)\n    at TestComponent (C:\\Users\\Win11 Pro\\Documents\\Solva\\docanalyze\\nextjs-temp\\src\\__tests__\\components\\ThemeProvider.test.tsx:7:52)\n    at renderWithHooks (C:\\Users\\Win11 Pro\\Documents\\Solva\\docanalyze\\nextjs-temp\\node_modules\\react-dom\\cjs\\react-dom.development.js:15486:18)\n    at mountIndeterminateComponent (C:\\Users\\Win11 Pro\\Documents\\Solva\\docanalyze\\nextjs-temp\\node_modules\\react-dom\\cjs\\react-dom.development.js:20103:13)\n    at beginWork (C:\\Users\\Win11 Pro\\Documents\\Solva\\docanalyze\\nextjs-temp\\node_modules\\react-dom\\cjs\\react-dom.development.js:21626:16)\n    at beginWork$1 (C:\\Users\\Win11 Pro\\Documents\\Solva\\docanalyze\\nextjs-temp\\node_modules\\react-dom\\cjs\\react-dom.development.js:27465:14)\n    at performUnitOfWork (C:\\Users\\Win11 Pro\\Documents\\Solva\\docanalyze\\nextjs-temp\\node_modules\\react-dom\\cjs\\react-dom.development.js:26599:12)\n    at workLoopSync (C:\\Users\\Win11 Pro\\Documents\\Solva\\docanalyze\\nextjs-temp\\node_modules\\react-dom\\cjs\\react-dom.development.js:26505:5)\n    at renderRootSync (C:\\Users\\Win11 Pro\\Documents\\Solva\\docanalyze\\nextjs-temp\\node_modules\\react-dom\\cjs\\react-dom.development.js:26473:7)\n    at recoverFromConcurrentError (C:\\Users\\Win11 Pro\\Documents\\Solva\\docanalyze\\nextjs-temp\\node_modules\\react-dom\\cjs\\react-dom.development.js:25889:20)\n    at performConcurrentWorkOnRoot (C:\\Users\\Win11 Pro\\Documents\\Solva\\docanalyze\\nextjs-temp\\node_modules\\react-dom\\cjs\\react-dom.development.js:25789:22)\n    at flushActQueue (C:\\Users\\Win11 Pro\\Documents\\Solva\\docanalyze\\nextjs-temp\\node_modules\\react\\cjs\\react.development.js:2667:24)\n    at act (C:\\Users\\Win11 Pro\\Documents\\Solva\\docanalyze\\nextjs-temp\\node_modules\\react\\cjs\\react.development.js:2582:11)\n    at C:\\Users\\Win11 Pro\\Documents\\Solva\\docanalyze\\nextjs-temp\\node_modules\\@testing-library\\react\\dist\\act-compat.js:47:25\n    at renderRoot (C:\\Users\\Win11 Pro\\Documents\\Solva\\docanalyze\\nextjs-temp\\node_modules\\@testing-library\\react\\dist\\pure.js:180:26)\n    at render (C:\\Users\\Win11 Pro\\Documents\\Solva\\docanalyze\\nextjs-temp\\node_modules\\@testing-library\\react\\dist\\pure.js:271:10)\n    at Object.<anonymous> (C:\\Users\\Win11 Pro\\Documents\\Solva\\docanalyze\\nextjs-temp\\src\\__tests__\\components\\ThemeProvider.test.tsx:76:11)\n    at Promise.then.completed (C:\\Users\\Win11 Pro\\Documents\\Solva\\docanalyze\\nextjs-temp\\node_modules\\jest-circus\\build\\utils.js:298:28)\n    at new Promise (<anonymous>)\n    at callAsyncCircusFn (C:\\Users\\Win11 Pro\\Documents\\Solva\\docanalyze\\nextjs-temp\\node_modules\\jest-circus\\build\\utils.js:231:10)\n    at _callCircusTest (C:\\Users\\Win11 Pro\\Documents\\Solva\\docanalyze\\nextjs-temp\\node_modules\\jest-circus\\build\\run.js:316:40)\n    at processTicksAndRejections (node:internal/process/task_queues:105:5)\n    at _runTest (C:\\Users\\Win11 Pro\\Documents\\Solva\\docanalyze\\nextjs-temp\\node_modules\\jest-circus\\build\\run.js:252:3)\n    at _runTestsForDescribeBlock (C:\\Users\\Win11 Pro\\Documents\\Solva\\docanalyze\\nextjs-temp\\node_modules\\jest-circus\\build\\run.js:126:9)\n    at _runTestsForDescribeBlock (C:\\Users\\Win11 Pro\\Documents\\Solva\\docanalyze\\nextjs-temp\\node_modules\\jest-circus\\build\\run.js:121:9)\n    at run (C:\\Users\\Win11 Pro\\Documents\\Solva\\docanalyze\\nextjs-temp\\node_modules\\jest-circus\\build\\run.js:71:3)\n    at runAndTransformResultsToJestFormat (C:\\Users\\Win11 Pro\\Documents\\Solva\\docanalyze\\nextjs-temp\\node_modules\\jest-circus\\build\\legacy-code-todo-rewrite\\jestAdapterInit.js:122:21)\n    at jestAdapter (C:\\Users\\Win11 Pro\\Documents\\Solva\\docanalyze\\nextjs-temp\\node_modules\\jest-circus\\build\\legacy-code-todo-rewrite\\jestAdapter.js:79:19)\n    at runTestInternal (C:\\Users\\Win11 Pro\\Documents\\Solva\\docanalyze\\nextjs-temp\\node_modules\\jest-runner\\build\\runTest.js:367:16)\n    at runTest (C:\\Users\\Win11 Pro\\Documents\\Solva\\docanalyze\\nextjs-temp\\node_modules\\jest-runner\\build\\runTest.js:444:34)\n    at Object.worker (C:\\Users\\Win11 Pro\\Documents\\Solva\\docanalyze\\nextjs-temp\\node_modules\\jest-runner\\build\\testWorker.js:106:12)"],"fullName":"ThemeProvider toggles the theme when toggle function is called","invocations":1,"location":null,"numPassingAsserts":0,"retryReasons":[],"status":"failed","title":"toggles the theme when toggle function is called"},{"ancestorTitles":["ThemeProvider"],"duration":33,"failureDetails":[{}],"failureMessages":["Error: useTheme must be used within a ThemeProvider\n    at useTheme (C:\\Users\\Win11 Pro\\Documents\\Solva\\docanalyze\\nextjs-temp\\src\\components\\ThemeProvider.tsx:104:15)\n    at TestComponent (C:\\Users\\Win11 Pro\\Documents\\Solva\\docanalyze\\nextjs-temp\\src\\__tests__\\components\\ThemeProvider.test.tsx:7:52)\n    at renderWithHooks (C:\\Users\\Win11 Pro\\Documents\\Solva\\docanalyze\\nextjs-temp\\node_modules\\react-dom\\cjs\\react-dom.development.js:15486:18)\n    at mountIndeterminateComponent (C:\\Users\\Win11 Pro\\Documents\\Solva\\docanalyze\\nextjs-temp\\node_modules\\react-dom\\cjs\\react-dom.development.js:20103:13)\n    at beginWork (C:\\Users\\Win11 Pro\\Documents\\Solva\\docanalyze\\nextjs-temp\\node_modules\\react-dom\\cjs\\react-dom.development.js:21626:16)\n    at beginWork$1 (C:\\Users\\Win11 Pro\\Documents\\Solva\\docanalyze\\nextjs-temp\\node_modules\\react-dom\\cjs\\react-dom.development.js:27465:14)\n    at performUnitOfWork (C:\\Users\\Win11 Pro\\Documents\\Solva\\docanalyze\\nextjs-temp\\node_modules\\react-dom\\cjs\\react-dom.development.js:26599:12)\n    at workLoopSync (C:\\Users\\Win11 Pro\\Documents\\Solva\\docanalyze\\nextjs-temp\\node_modules\\react-dom\\cjs\\react-dom.development.js:26505:5)\n    at renderRootSync (C:\\Users\\Win11 Pro\\Documents\\Solva\\docanalyze\\nextjs-temp\\node_modules\\react-dom\\cjs\\react-dom.development.js:26473:7)\n    at recoverFromConcurrentError (C:\\Users\\Win11 Pro\\Documents\\Solva\\docanalyze\\nextjs-temp\\node_modules\\react-dom\\cjs\\react-dom.development.js:25889:20)\n    at performConcurrentWorkOnRoot (C:\\Users\\Win11 Pro\\Documents\\Solva\\docanalyze\\nextjs-temp\\node_modules\\react-dom\\cjs\\react-dom.development.js:25789:22)\n    at flushActQueue (C:\\Users\\Win11 Pro\\Documents\\Solva\\docanalyze\\nextjs-temp\\node_modules\\react\\cjs\\react.development.js:2667:24)\n    at act (C:\\Users\\Win11 Pro\\Documents\\Solva\\docanalyze\\nextjs-temp\\node_modules\\react\\cjs\\react.development.js:2582:11)\n    at C:\\Users\\Win11 Pro\\Documents\\Solva\\docanalyze\\nextjs-temp\\node_modules\\@testing-library\\react\\dist\\act-compat.js:47:25\n    at renderRoot (C:\\Users\\Win11 Pro\\Documents\\Solva\\docanalyze\\nextjs-temp\\node_modules\\@testing-library\\react\\dist\\pure.js:180:26)\n    at render (C:\\Users\\Win11 Pro\\Documents\\Solva\\docanalyze\\nextjs-temp\\node_modules\\@testing-library\\react\\dist\\pure.js:271:10)\n    at Object.<anonymous> (C:\\Users\\Win11 Pro\\Documents\\Solva\\docanalyze\\nextjs-temp\\src\\__tests__\\components\\ThemeProvider.test.tsx:102:11)\n    at Promise.then.completed (C:\\Users\\Win11 Pro\\Documents\\Solva\\docanalyze\\nextjs-temp\\node_modules\\jest-circus\\build\\utils.js:298:28)\n    at new Promise (<anonymous>)\n    at callAsyncCircusFn (C:\\Users\\Win11 Pro\\Documents\\Solva\\docanalyze\\nextjs-temp\\node_modules\\jest-circus\\build\\utils.js:231:10)\n    at _callCircusTest (C:\\Users\\Win11 Pro\\Documents\\Solva\\docanalyze\\nextjs-temp\\node_modules\\jest-circus\\build\\run.js:316:40)\n    at processTicksAndRejections (node:internal/process/task_queues:105:5)\n    at _runTest (C:\\Users\\Win11 Pro\\Documents\\Solva\\docanalyze\\nextjs-temp\\node_modules\\jest-circus\\build\\run.js:252:3)\n    at _runTestsForDescribeBlock (C:\\Users\\Win11 Pro\\Documents\\Solva\\docanalyze\\nextjs-temp\\node_modules\\jest-circus\\build\\run.js:126:9)\n    at _runTestsForDescribeBlock (C:\\Users\\Win11 Pro\\Documents\\Solva\\docanalyze\\nextjs-temp\\node_modules\\jest-circus\\build\\run.js:121:9)\n    at run (C:\\Users\\Win11 Pro\\Documents\\Solva\\docanalyze\\nextjs-temp\\node_modules\\jest-circus\\build\\run.js:71:3)\n    at runAndTransformResultsToJestFormat (C:\\Users\\Win11 Pro\\Documents\\Solva\\docanalyze\\nextjs-temp\\node_modules\\jest-circus\\build\\legacy-code-todo-rewrite\\jestAdapterInit.js:122:21)\n    at jestAdapter (C:\\Users\\Win11 Pro\\Documents\\Solva\\docanalyze\\nextjs-temp\\node_modules\\jest-circus\\build\\legacy-code-todo-rewrite\\jestAdapter.js:79:19)\n    at runTestInternal (C:\\Users\\Win11 Pro\\Documents\\Solva\\docanalyze\\nextjs-temp\\node_modules\\jest-runner\\build\\runTest.js:367:16)\n    at runTest (C:\\Users\\Win11 Pro\\Documents\\Solva\\docanalyze\\nextjs-temp\\node_modules\\jest-runner\\build\\runTest.js:444:34)\n    at Object.worker (C:\\Users\\Win11 Pro\\Documents\\Solva\\docanalyze\\nextjs-temp\\node_modules\\jest-runner\\build\\testWorker.js:106:12)"],"fullName":"ThemeProvider sets the theme directly when setTheme function is called","invocations":1,"location":null,"numPassingAsserts":0,"retryReasons":[],"status":"failed","title":"sets the theme directly when setTheme function is called"},{"ancestorTitles":["ThemeProvider"],"duration":16,"failureDetails":[{}],"failureMessages":["Error: useTheme must be used within a ThemeProvider\n    at useTheme (C:\\Users\\Win11 Pro\\Documents\\Solva\\docanalyze\\nextjs-temp\\src\\components\\ThemeProvider.tsx:104:15)\n    at TestComponent (C:\\Users\\Win11 Pro\\Documents\\Solva\\docanalyze\\nextjs-temp\\src\\__tests__\\components\\ThemeProvider.test.tsx:7:52)\n    at renderWithHooks (C:\\Users\\Win11 Pro\\Documents\\Solva\\docanalyze\\nextjs-temp\\node_modules\\react-dom\\cjs\\react-dom.development.js:15486:18)\n    at mountIndeterminateComponent (C:\\Users\\Win11 Pro\\Documents\\Solva\\docanalyze\\nextjs-temp\\node_modules\\react-dom\\cjs\\react-dom.development.js:20103:13)\n    at beginWork (C:\\Users\\Win11 Pro\\Documents\\Solva\\docanalyze\\nextjs-temp\\node_modules\\react-dom\\cjs\\react-dom.development.js:21626:16)\n    at beginWork$1 (C:\\Users\\Win11 Pro\\Documents\\Solva\\docanalyze\\nextjs-temp\\node_modules\\react-dom\\cjs\\react-dom.development.js:27465:14)\n    at performUnitOfWork (C:\\Users\\Win11 Pro\\Documents\\Solva\\docanalyze\\nextjs-temp\\node_modules\\react-dom\\cjs\\react-dom.development.js:26599:12)\n    at workLoopSync (C:\\Users\\Win11 Pro\\Documents\\Solva\\docanalyze\\nextjs-temp\\node_modules\\react-dom\\cjs\\react-dom.development.js:26505:5)\n    at renderRootSync (C:\\Users\\Win11 Pro\\Documents\\Solva\\docanalyze\\nextjs-temp\\node_modules\\react-dom\\cjs\\react-dom.development.js:26473:7)\n    at recoverFromConcurrentError (C:\\Users\\Win11 Pro\\Documents\\Solva\\docanalyze\\nextjs-temp\\node_modules\\react-dom\\cjs\\react-dom.development.js:25889:20)\n    at performConcurrentWorkOnRoot (C:\\Users\\Win11 Pro\\Documents\\Solva\\docanalyze\\nextjs-temp\\node_modules\\react-dom\\cjs\\react-dom.development.js:25789:22)\n    at flushActQueue (C:\\Users\\Win11 Pro\\Documents\\Solva\\docanalyze\\nextjs-temp\\node_modules\\react\\cjs\\react.development.js:2667:24)\n    at act (C:\\Users\\Win11 Pro\\Documents\\Solva\\docanalyze\\nextjs-temp\\node_modules\\react\\cjs\\react.development.js:2582:11)\n    at C:\\Users\\Win11 Pro\\Documents\\Solva\\docanalyze\\nextjs-temp\\node_modules\\@testing-library\\react\\dist\\act-compat.js:47:25\n    at renderRoot (C:\\Users\\Win11 Pro\\Documents\\Solva\\docanalyze\\nextjs-temp\\node_modules\\@testing-library\\react\\dist\\pure.js:180:26)\n    at render (C:\\Users\\Win11 Pro\\Documents\\Solva\\docanalyze\\nextjs-temp\\node_modules\\@testing-library\\react\\dist\\pure.js:271:10)\n    at Object.<anonymous> (C:\\Users\\Win11 Pro\\Documents\\Solva\\docanalyze\\nextjs-temp\\src\\__tests__\\components\\ThemeProvider.test.tsx:128:11)\n    at Promise.then.completed (C:\\Users\\Win11 Pro\\Documents\\Solva\\docanalyze\\nextjs-temp\\node_modules\\jest-circus\\build\\utils.js:298:28)\n    at new Promise (<anonymous>)\n    at callAsyncCircusFn (C:\\Users\\Win11 Pro\\Documents\\Solva\\docanalyze\\nextjs-temp\\node_modules\\jest-circus\\build\\utils.js:231:10)\n    at _callCircusTest (C:\\Users\\Win11 Pro\\Documents\\Solva\\docanalyze\\nextjs-temp\\node_modules\\jest-circus\\build\\run.js:316:40)\n    at processTicksAndRejections (node:internal/process/task_queues:105:5)\n    at _runTest (C:\\Users\\Win11 Pro\\Documents\\Solva\\docanalyze\\nextjs-temp\\node_modules\\jest-circus\\build\\run.js:252:3)\n    at _runTestsForDescribeBlock (C:\\Users\\Win11 Pro\\Documents\\Solva\\docanalyze\\nextjs-temp\\node_modules\\jest-circus\\build\\run.js:126:9)\n    at _runTestsForDescribeBlock (C:\\Users\\Win11 Pro\\Documents\\Solva\\docanalyze\\nextjs-temp\\node_modules\\jest-circus\\build\\run.js:121:9)\n    at run (C:\\Users\\Win11 Pro\\Documents\\Solva\\docanalyze\\nextjs-temp\\node_modules\\jest-circus\\build\\run.js:71:3)\n    at runAndTransformResultsToJestFormat (C:\\Users\\Win11 Pro\\Documents\\Solva\\docanalyze\\nextjs-temp\\node_modules\\jest-circus\\build\\legacy-code-todo-rewrite\\jestAdapterInit.js:122:21)\n    at jestAdapter (C:\\Users\\Win11 Pro\\Documents\\Solva\\docanalyze\\nextjs-temp\\node_modules\\jest-circus\\build\\legacy-code-todo-rewrite\\jestAdapter.js:79:19)\n    at runTestInternal (C:\\Users\\Win11 Pro\\Documents\\Solva\\docanalyze\\nextjs-temp\\node_modules\\jest-runner\\build\\runTest.js:367:16)\n    at runTest (C:\\Users\\Win11 Pro\\Documents\\Solva\\docanalyze\\nextjs-temp\\node_modules\\jest-runner\\build\\runTest.js:444:34)\n    at Object.worker (C:\\Users\\Win11 Pro\\Documents\\Solva\\docanalyze\\nextjs-temp\\node_modules\\jest-runner\\build\\testWorker.js:106:12)"],"fullName":"ThemeProvider applies appropriate CSS classes to document when theme changes","invocations":1,"location":null,"numPassingAsserts":0,"retryReasons":[],"status":"failed","title":"applies appropriate CSS classes to document when theme changes"},{"ancestorTitles":["ThemeProvider"],"duration":98,"failureDetails":[{"matcherResult":{"message":"\u001b[2mexpect(\u001b[22m\u001b[31mreceived\u001b[39m\u001b[2m).\u001b[22mnot\u001b[2m.\u001b[22mtoThrow\u001b[2m()\u001b[22m\n\nError name:    \u001b[31m\"Error\"\u001b[39m\nError message: \u001b[31m\"useTheme must be used within a ThemeProvider\"\u001b[39m\n\n    \u001b[0m \u001b[90m 102 |\u001b[39m     \u001b[36mconst\u001b[39m context \u001b[33m=\u001b[39m useContext(\u001b[33mThemeContext\u001b[39m)\u001b[33m;\u001b[39m\n     \u001b[90m 103 |\u001b[39m     \u001b[36mif\u001b[39m (context \u001b[33m===\u001b[39m undefined) {\n    \u001b[31m\u001b[1m>\u001b[22m\u001b[39m\u001b[90m 104 |\u001b[39m         \u001b[36mthrow\u001b[39m \u001b[36mnew\u001b[39m \u001b[33mError\u001b[39m(\u001b[32m'useTheme must be used within a ThemeProvider'\u001b[39m)\u001b[33m;\u001b[39m\n     \u001b[90m     |\u001b[39m               \u001b[31m\u001b[1m^\u001b[22m\u001b[39m\n     \u001b[90m 105 |\u001b[39m     }\n     \u001b[90m 106 |\u001b[39m     \u001b[36mreturn\u001b[39m context\u001b[33m;\u001b[39m\n     \u001b[90m 107 |\u001b[39m }\u001b[0m\n\n      \u001b[2mat useTheme (\u001b[22msrc/components/ThemeProvider.tsx\u001b[2m:104:15)\u001b[22m\n      \u001b[2mat TestComponent (\u001b[22msrc/__tests__/components/ThemeProvider.test.tsx\u001b[2m:7:52)\u001b[22m\n      \u001b[2mat renderWithHooks (\u001b[22mnode_modules/react-dom/cjs/react-dom.development.js\u001b[2m:15486:18)\u001b[22m\n      \u001b[2mat mountIndeterminateComponent (\u001b[22mnode_modules/react-dom/cjs/react-dom.development.js\u001b[2m:20103:13)\u001b[22m\n      \u001b[2mat beginWork (\u001b[22mnode_modules/react-dom/cjs/react-dom.development.js\u001b[2m:21626:16)\u001b[22m\n      \u001b[2mat beginWork$1 (\u001b[22mnode_modules/react-dom/cjs/react-dom.development.js\u001b[2m:27465:14)\u001b[22m\n      \u001b[2mat performUnitOfWork (\u001b[22mnode_modules/react-dom/cjs/react-dom.development.js\u001b[2m:26599:12)\u001b[22m\n      \u001b[2mat workLoopSync (\u001b[22mnode_modules/react-dom/cjs/react-dom.development.js\u001b[2m:26505:5)\u001b[22m\n      \u001b[2mat renderRootSync (\u001b[22mnode_modules/react-dom/cjs/react-dom.development.js\u001b[2m:26473:7)\u001b[22m\n      \u001b[2mat recoverFromConcurrentError (\u001b[22mnode_modules/react-dom/cjs/react-dom.development.js\u001b[2m:25889:20)\u001b[22m\n      \u001b[2mat performConcurrentWorkOnRoot (\u001b[22mnode_modules/react-dom/cjs/react-dom.development.js\u001b[2m:25789:22)\u001b[22m\n      \u001b[2mat flushActQueue (\u001b[22mnode_modules/react/cjs/react.development.js\u001b[2m:2667:24)\u001b[22m\n      \u001b[2mat act (\u001b[22mnode_modules/react/cjs/react.development.js\u001b[2m:2582:11)\u001b[22m\n      \u001b[2mat \u001b[22mnode_modules/@testing-library/react/dist/act-compat.js\u001b[2m:47:25\u001b[22m\n      \u001b[2mat renderRoot (\u001b[22mnode_modules/@testing-library/react/dist/pure.js\u001b[2m:180:26)\u001b[22m\n      \u001b[2mat render (\u001b[22mnode_modules/@testing-library/react/dist/pure.js\u001b[2m:271:10)\u001b[22m\n      \u001b[2mat \u001b[22msrc/__tests__/components/ThemeProvider.test.tsx\u001b[2m:153:24\u001b[22m\n      \u001b[2mat Object.<anonymous> (\u001b[22mnode_modules/expect/build/toThrowMatchers.js\u001b[2m:74:11)\u001b[22m\n      \u001b[2mat Object.throwingMatcher [as toThrow] (\u001b[22mnode_modules/expect/build/index.js\u001b[2m:320:21)\u001b[22m\n      \u001b[2mat Object.toThrow (\u001b[22msrc/__tests__/components/ThemeProvider.test.tsx\u001b[2m:153:47)\u001b[22m","pass":true}}],"failureMessages":["Error: \u001b[2mexpect(\u001b[22m\u001b[31mreceived\u001b[39m\u001b[2m).\u001b[22mnot\u001b[2m.\u001b[22mtoThrow\u001b[2m()\u001b[22m\n\nError name:    \u001b[31m\"Error\"\u001b[39m\nError message: \u001b[31m\"useTheme must be used within a ThemeProvider\"\u001b[39m\n\n    \u001b[0m \u001b[90m 102 |\u001b[39m     \u001b[36mconst\u001b[39m context \u001b[33m=\u001b[39m useContext(\u001b[33mThemeContext\u001b[39m)\u001b[33m;\u001b[39m\n     \u001b[90m 103 |\u001b[39m     \u001b[36mif\u001b[39m (context \u001b[33m===\u001b[39m undefined) {\n    \u001b[31m\u001b[1m>\u001b[22m\u001b[39m\u001b[90m 104 |\u001b[39m         \u001b[36mthrow\u001b[39m \u001b[36mnew\u001b[39m \u001b[33mError\u001b[39m(\u001b[32m'useTheme must be used within a ThemeProvider'\u001b[39m)\u001b[33m;\u001b[39m\n     \u001b[90m     |\u001b[39m               \u001b[31m\u001b[1m^\u001b[22m\u001b[39m\n     \u001b[90m 105 |\u001b[39m     }\n     \u001b[90m 106 |\u001b[39m     \u001b[36mreturn\u001b[39m context\u001b[33m;\u001b[39m\n     \u001b[90m 107 |\u001b[39m }\u001b[0m\n\n      \u001b[2mat useTheme (\u001b[22msrc/components/ThemeProvider.tsx\u001b[2m:104:15)\u001b[22m\n      \u001b[2mat TestComponent (\u001b[22msrc/__tests__/components/ThemeProvider.test.tsx\u001b[2m:7:52)\u001b[22m\n      \u001b[2mat renderWithHooks (\u001b[22mnode_modules/react-dom/cjs/react-dom.development.js\u001b[2m:15486:18)\u001b[22m\n      \u001b[2mat mountIndeterminateComponent (\u001b[22mnode_modules/react-dom/cjs/react-dom.development.js\u001b[2m:20103:13)\u001b[22m\n      \u001b[2mat beginWork (\u001b[22mnode_modules/react-dom/cjs/react-dom.development.js\u001b[2m:21626:16)\u001b[22m\n      \u001b[2mat beginWork$1 (\u001b[22mnode_modules/react-dom/cjs/react-dom.development.js\u001b[2m:27465:14)\u001b[22m\n      \u001b[2mat performUnitOfWork (\u001b[22mnode_modules/react-dom/cjs/react-dom.development.js\u001b[2m:26599:12)\u001b[22m\n      \u001b[2mat workLoopSync (\u001b[22mnode_modules/react-dom/cjs/react-dom.development.js\u001b[2m:26505:5)\u001b[22m\n      \u001b[2mat renderRootSync (\u001b[22mnode_modules/react-dom/cjs/react-dom.development.js\u001b[2m:26473:7)\u001b[22m\n      \u001b[2mat recoverFromConcurrentError (\u001b[22mnode_modules/react-dom/cjs/react-dom.development.js\u001b[2m:25889:20)\u001b[22m\n      \u001b[2mat performConcurrentWorkOnRoot (\u001b[22mnode_modules/react-dom/cjs/react-dom.development.js\u001b[2m:25789:22)\u001b[22m\n      \u001b[2mat flushActQueue (\u001b[22mnode_modules/react/cjs/react.development.js\u001b[2m:2667:24)\u001b[22m\n      \u001b[2mat act (\u001b[22mnode_modules/react/cjs/react.development.js\u001b[2m:2582:11)\u001b[22m\n      \u001b[2mat \u001b[22mnode_modules/@testing-library/react/dist/act-compat.js\u001b[2m:47:25\u001b[22m\n      \u001b[2mat renderRoot (\u001b[22mnode_modules/@testing-library/react/dist/pure.js\u001b[2m:180:26)\u001b[22m\n      \u001b[2mat render (\u001b[22mnode_modules/@testing-library/react/dist/pure.js\u001b[2m:271:10)\u001b[22m\n      \u001b[2mat \u001b[22msrc/__tests__/components/ThemeProvider.test.tsx\u001b[2m:153:24\u001b[22m\n      \u001b[2mat Object.<anonymous> (\u001b[22mnode_modules/expect/build/toThrowMatchers.js\u001b[2m:74:11)\u001b[22m\n      \u001b[2mat Object.throwingMatcher [as toThrow] (\u001b[22mnode_modules/expect/build/index.js\u001b[2m:320:21)\u001b[22m\n      \u001b[2mat Object.toThrow (\u001b[22msrc/__tests__/components/ThemeProvider.test.tsx\u001b[2m:153:47)\u001b[22m\n    at Object.toThrow (C:\\Users\\Win11 Pro\\Documents\\Solva\\docanalyze\\nextjs-temp\\src\\__tests__\\components\\ThemeProvider.test.tsx:153:47)\n    at Promise.then.completed (C:\\Users\\Win11 Pro\\Documents\\Solva\\docanalyze\\nextjs-temp\\node_modules\\jest-circus\\build\\utils.js:298:28)\n    at new Promise (<anonymous>)\n    at callAsyncCircusFn (C:\\Users\\Win11 Pro\\Documents\\Solva\\docanalyze\\nextjs-temp\\node_modules\\jest-circus\\build\\utils.js:231:10)\n    at _callCircusTest (C:\\Users\\Win11 Pro\\Documents\\Solva\\docanalyze\\nextjs-temp\\node_modules\\jest-circus\\build\\run.js:316:40)\n    at processTicksAndRejections (node:internal/process/task_queues:105:5)\n    at _runTest (C:\\Users\\Win11 Pro\\Documents\\Solva\\docanalyze\\nextjs-temp\\node_modules\\jest-circus\\build\\run.js:252:3)\n    at _runTestsForDescribeBlock (C:\\Users\\Win11 Pro\\Documents\\Solva\\docanalyze\\nextjs-temp\\node_modules\\jest-circus\\build\\run.js:126:9)\n    at _runTestsForDescribeBlock (C:\\Users\\Win11 Pro\\Documents\\Solva\\docanalyze\\nextjs-temp\\node_modules\\jest-circus\\build\\run.js:121:9)\n    at run (C:\\Users\\Win11 Pro\\Documents\\Solva\\docanalyze\\nextjs-temp\\node_modules\\jest-circus\\build\\run.js:71:3)\n    at runAndTransformResultsToJestFormat (C:\\Users\\Win11 Pro\\Documents\\Solva\\docanalyze\\nextjs-temp\\node_modules\\jest-circus\\build\\legacy-code-todo-rewrite\\jestAdapterInit.js:122:21)\n    at jestAdapter (C:\\Users\\Win11 Pro\\Documents\\Solva\\docanalyze\\nextjs-temp\\node_modules\\jest-circus\\build\\legacy-code-todo-rewrite\\jestAdapter.js:79:19)\n    at runTestInternal (C:\\Users\\Win11 Pro\\Documents\\Solva\\docanalyze\\nextjs-temp\\node_modules\\jest-runner\\build\\runTest.js:367:16)\n    at runTest (C:\\Users\\Win11 Pro\\Documents\\Solva\\docanalyze\\nextjs-temp\\node_modules\\jest-runner\\build\\runTest.js:444:34)\n    at Object.worker (C:\\Users\\Win11 Pro\\Documents\\Solva\\docanalyze\\nextjs-temp\\node_modules\\jest-runner\\build\\testWorker.js:106:12)"],"fullName":"ThemeProvider handles errors gracefully when localStorage is not available","invocations":1,"location":null,"numPassingAsserts":0,"retryReasons":[],"status":"failed","title":"handles errors gracefully when localStorage is not available"}],"endTime":1744152045651,"message":"\u001b[1m\u001b[31m  \u001b[1m● \u001b[22m\u001b[1mThemeProvider › provides default light theme when no localStorage value exists\u001b[39m\u001b[22m\n\n    useTheme must be used within a ThemeProvider\n\u001b[2m\u001b[22m\n\u001b[2m    \u001b[0m \u001b[90m 102 |\u001b[39m     \u001b[36mconst\u001b[39m context \u001b[33m=\u001b[39m useContext(\u001b[33mThemeContext\u001b[39m)\u001b[33m;\u001b[39m\u001b[22m\n\u001b[2m     \u001b[90m 103 |\u001b[39m     \u001b[36mif\u001b[39m (context \u001b[33m===\u001b[39m undefined) {\u001b[22m\n\u001b[2m    \u001b[31m\u001b[1m>\u001b[22m\u001b[2m\u001b[39m\u001b[90m 104 |\u001b[39m         \u001b[36mthrow\u001b[39m \u001b[36mnew\u001b[39m \u001b[33mError\u001b[39m(\u001b[32m'useTheme must be used within a ThemeProvider'\u001b[39m)\u001b[33m;\u001b[39m\u001b[22m\n\u001b[2m     \u001b[90m     |\u001b[39m               \u001b[31m\u001b[1m^\u001b[22m\u001b[2m\u001b[39m\u001b[22m\n\u001b[2m     \u001b[90m 105 |\u001b[39m     }\u001b[22m\n\u001b[2m     \u001b[90m 106 |\u001b[39m     \u001b[36mreturn\u001b[39m context\u001b[33m;\u001b[39m\u001b[22m\n\u001b[2m     \u001b[90m 107 |\u001b[39m }\u001b[0m\u001b[22m\n\u001b[2m\u001b[22m\n\u001b[2m      \u001b[2mat useTheme (\u001b[22m\u001b[2msrc/components/ThemeProvider.tsx\u001b[2m:104:15)\u001b[22m\u001b[2m\u001b[22m\n\u001b[2m      \u001b[2mat TestComponent (\u001b[22m\u001b[2m\u001b[0m\u001b[36msrc/__tests__/components/ThemeProvider.test.tsx\u001b[39m\u001b[0m\u001b[2m:7:52)\u001b[22m\u001b[2m\u001b[22m\n\u001b[2m      \u001b[2mat renderWithHooks (\u001b[22m\u001b[2mnode_modules/react-dom/cjs/react-dom.development.js\u001b[2m:15486:18)\u001b[22m\u001b[2m\u001b[22m\n\u001b[2m      \u001b[2mat mountIndeterminateComponent (\u001b[22m\u001b[2mnode_modules/react-dom/cjs/react-dom.development.js\u001b[2m:20103:13)\u001b[22m\u001b[2m\u001b[22m\n\u001b[2m      \u001b[2mat beginWork (\u001b[22m\u001b[2mnode_modules/react-dom/cjs/react-dom.development.js\u001b[2m:21626:16)\u001b[22m\u001b[2m\u001b[22m\n\u001b[2m      \u001b[2mat beginWork$1 (\u001b[22m\u001b[2mnode_modules/react-dom/cjs/react-dom.development.js\u001b[2m:27465:14)\u001b[22m\u001b[2m\u001b[22m\n\u001b[2m      \u001b[2mat performUnitOfWork (\u001b[22m\u001b[2mnode_modules/react-dom/cjs/react-dom.development.js\u001b[2m:26599:12)\u001b[22m\u001b[2m\u001b[22m\n\u001b[2m      \u001b[2mat workLoopSync (\u001b[22m\u001b[2mnode_modules/react-dom/cjs/react-dom.development.js\u001b[2m:26505:5)\u001b[22m\u001b[2m\u001b[22m\n\u001b[2m      \u001b[2mat renderRootSync (\u001b[22m\u001b[2mnode_modules/react-dom/cjs/react-dom.development.js\u001b[2m:26473:7)\u001b[22m\u001b[2m\u001b[22m\n\u001b[2m      \u001b[2mat recoverFromConcurrentError (\u001b[22m\u001b[2mnode_modules/react-dom/cjs/react-dom.development.js\u001b[2m:25889:20)\u001b[22m\u001b[2m\u001b[22m\n\u001b[2m      \u001b[2mat performConcurrentWorkOnRoot (\u001b[22m\u001b[2mnode_modules/react-dom/cjs/react-dom.development.js\u001b[2m:25789:22)\u001b[22m\u001b[2m\u001b[22m\n\u001b[2m      \u001b[2mat flushActQueue (\u001b[22m\u001b[2mnode_modules/react/cjs/react.development.js\u001b[2m:2667:24)\u001b[22m\u001b[2m\u001b[22m\n\u001b[2m      \u001b[2mat act (\u001b[22m\u001b[2mnode_modules/react/cjs/react.development.js\u001b[2m:2582:11)\u001b[22m\u001b[2m\u001b[22m\n\u001b[2m      \u001b[2mat \u001b[22m\u001b[2mnode_modules/@testing-library/react/dist/act-compat.js\u001b[2m:47:25\u001b[22m\u001b[2m\u001b[22m\n\u001b[2m      \u001b[2mat renderRoot (\u001b[22m\u001b[2mnode_modules/@testing-library/react/dist/pure.js\u001b[2m:180:26)\u001b[22m\u001b[2m\u001b[22m\n\u001b[2m      \u001b[2mat render (\u001b[22m\u001b[2mnode_modules/@testing-library/react/dist/pure.js\u001b[2m:271:10)\u001b[22m\u001b[2m\u001b[22m\n\u001b[2m      \u001b[2mat Object.<anonymous> (\u001b[22m\u001b[2m\u001b[0m\u001b[36msrc/__tests__/components/ThemeProvider.test.tsx\u001b[39m\u001b[0m\u001b[2m:55:11)\u001b[22m\u001b[2m\u001b[22m\n\n\u001b[1m\u001b[31m  \u001b[1m● \u001b[22m\u001b[1mThemeProvider › loads theme from localStorage on mount\u001b[39m\u001b[22m\n\n    useTheme must be used within a ThemeProvider\n\u001b[2m\u001b[22m\n\u001b[2m    \u001b[0m \u001b[90m 102 |\u001b[39m     \u001b[36mconst\u001b[39m context \u001b[33m=\u001b[39m useContext(\u001b[33mThemeContext\u001b[39m)\u001b[33m;\u001b[39m\u001b[22m\n\u001b[2m     \u001b[90m 103 |\u001b[39m     \u001b[36mif\u001b[39m (context \u001b[33m===\u001b[39m undefined) {\u001b[22m\n\u001b[2m    \u001b[31m\u001b[1m>\u001b[22m\u001b[2m\u001b[39m\u001b[90m 104 |\u001b[39m         \u001b[36mthrow\u001b[39m \u001b[36mnew\u001b[39m \u001b[33mError\u001b[39m(\u001b[32m'useTheme must be used within a ThemeProvider'\u001b[39m)\u001b[33m;\u001b[39m\u001b[22m\n\u001b[2m     \u001b[90m     |\u001b[39m               \u001b[31m\u001b[1m^\u001b[22m\u001b[2m\u001b[39m\u001b[22m\n\u001b[2m     \u001b[90m 105 |\u001b[39m     }\u001b[22m\n\u001b[2m     \u001b[90m 106 |\u001b[39m     \u001b[36mreturn\u001b[39m context\u001b[33m;\u001b[39m\u001b[22m\n\u001b[2m     \u001b[90m 107 |\u001b[39m }\u001b[0m\u001b[22m\n\u001b[2m\u001b[22m\n\u001b[2m      \u001b[2mat useTheme (\u001b[22m\u001b[2msrc/components/ThemeProvider.tsx\u001b[2m:104:15)\u001b[22m\u001b[2m\u001b[22m\n\u001b[2m      \u001b[2mat TestComponent (\u001b[22m\u001b[2m\u001b[0m\u001b[36msrc/__tests__/components/ThemeProvider.test.tsx\u001b[39m\u001b[0m\u001b[2m:7:52)\u001b[22m\u001b[2m\u001b[22m\n\u001b[2m      \u001b[2mat renderWithHooks (\u001b[22m\u001b[2mnode_modules/react-dom/cjs/react-dom.development.js\u001b[2m:15486:18)\u001b[22m\u001b[2m\u001b[22m\n\u001b[2m      \u001b[2mat mountIndeterminateComponent (\u001b[22m\u001b[2mnode_modules/react-dom/cjs/react-dom.development.js\u001b[2m:20103:13)\u001b[22m\u001b[2m\u001b[22m\n\u001b[2m      \u001b[2mat beginWork (\u001b[22m\u001b[2mnode_modules/react-dom/cjs/react-dom.development.js\u001b[2m:21626:16)\u001b[22m\u001b[2m\u001b[22m\n\u001b[2m      \u001b[2mat beginWork$1 (\u001b[22m\u001b[2mnode_modules/react-dom/cjs/react-dom.development.js\u001b[2m:27465:14)\u001b[22m\u001b[2m\u001b[22m\n\u001b[2m      \u001b[2mat performUnitOfWork (\u001b[22m\u001b[2mnode_modules/react-dom/cjs/react-dom.development.js\u001b[2m:26599:12)\u001b[22m\u001b[2m\u001b[22m\n\u001b[2m      \u001b[2mat workLoopSync (\u001b[22m\u001b[2mnode_modules/react-dom/cjs/react-dom.development.js\u001b[2m:26505:5)\u001b[22m\u001b[2m\u001b[22m\n\u001b[2m      \u001b[2mat renderRootSync (\u001b[22m\u001b[2mnode_modules/react-dom/cjs/react-dom.development.js\u001b[2m:26473:7)\u001b[22m\u001b[2m\u001b[22m\n\u001b[2m      \u001b[2mat recoverFromConcurrentError (\u001b[22m\u001b[2mnode_modules/react-dom/cjs/react-dom.development.js\u001b[2m:25889:20)\u001b[22m\u001b[2m\u001b[22m\n\u001b[2m      \u001b[2mat performConcurrentWorkOnRoot (\u001b[22m\u001b[2mnode_modules/react-dom/cjs/react-dom.development.js\u001b[2m:25789:22)\u001b[22m\u001b[2m\u001b[22m\n\u001b[2m      \u001b[2mat flushActQueue (\u001b[22m\u001b[2mnode_modules/react/cjs/react.development.js\u001b[2m:2667:24)\u001b[22m\u001b[2m\u001b[22m\n\u001b[2m      \u001b[2mat act (\u001b[22m\u001b[2mnode_modules/react/cjs/react.development.js\u001b[2m:2582:11)\u001b[22m\u001b[2m\u001b[22m\n\u001b[2m      \u001b[2mat \u001b[22m\u001b[2mnode_modules/@testing-library/react/dist/act-compat.js\u001b[2m:47:25\u001b[22m\u001b[2m\u001b[22m\n\u001b[2m      \u001b[2mat renderRoot (\u001b[22m\u001b[2mnode_modules/@testing-library/react/dist/pure.js\u001b[2m:180:26)\u001b[22m\u001b[2m\u001b[22m\n\u001b[2m      \u001b[2mat render (\u001b[22m\u001b[2mnode_modules/@testing-library/react/dist/pure.js\u001b[2m:271:10)\u001b[22m\u001b[2m\u001b[22m\n\u001b[2m      \u001b[2mat Object.<anonymous> (\u001b[22m\u001b[2m\u001b[0m\u001b[36msrc/__tests__/components/ThemeProvider.test.tsx\u001b[39m\u001b[0m\u001b[2m:68:11)\u001b[22m\u001b[2m\u001b[22m\n\n\u001b[1m\u001b[31m  \u001b[1m● \u001b[22m\u001b[1mThemeProvider › toggles the theme when toggle function is called\u001b[39m\u001b[22m\n\n    useTheme must be used within a ThemeProvider\n\u001b[2m\u001b[22m\n\u001b[2m    \u001b[0m \u001b[90m 102 |\u001b[39m     \u001b[36mconst\u001b[39m context \u001b[33m=\u001b[39m useContext(\u001b[33mThemeContext\u001b[39m)\u001b[33m;\u001b[39m\u001b[22m\n\u001b[2m     \u001b[90m 103 |\u001b[39m     \u001b[36mif\u001b[39m (context \u001b[33m===\u001b[39m undefined) {\u001b[22m\n\u001b[2m    \u001b[31m\u001b[1m>\u001b[22m\u001b[2m\u001b[39m\u001b[90m 104 |\u001b[39m         \u001b[36mthrow\u001b[39m \u001b[36mnew\u001b[39m \u001b[33mError\u001b[39m(\u001b[32m'useTheme must be used within a ThemeProvider'\u001b[39m)\u001b[33m;\u001b[39m\u001b[22m\n\u001b[2m     \u001b[90m     |\u001b[39m               \u001b[31m\u001b[1m^\u001b[22m\u001b[2m\u001b[39m\u001b[22m\n\u001b[2m     \u001b[90m 105 |\u001b[39m     }\u001b[22m\n\u001b[2m     \u001b[90m 106 |\u001b[39m     \u001b[36mreturn\u001b[39m context\u001b[33m;\u001b[39m\u001b[22m\n\u001b[2m     \u001b[90m 107 |\u001b[39m }\u001b[0m\u001b[22m\n\u001b[2m\u001b[22m\n\u001b[2m      \u001b[2mat useTheme (\u001b[22m\u001b[2msrc/components/ThemeProvider.tsx\u001b[2m:104:15)\u001b[22m\u001b[2m\u001b[22m\n\u001b[2m      \u001b[2mat TestComponent (\u001b[22m\u001b[2m\u001b[0m\u001b[36msrc/__tests__/components/ThemeProvider.test.tsx\u001b[39m\u001b[0m\u001b[2m:7:52)\u001b[22m\u001b[2m\u001b[22m\n\u001b[2m      \u001b[2mat renderWithHooks (\u001b[22m\u001b[2mnode_modules/react-dom/cjs/react-dom.development.js\u001b[2m:15486:18)\u001b[22m\u001b[2m\u001b[22m\n\u001b[2m      \u001b[2mat mountIndeterminateComponent (\u001b[22m\u001b[2mnode_modules/react-dom/cjs/react-dom.development.js\u001b[2m:20103:13)\u001b[22m\u001b[2m\u001b[22m\n\u001b[2m      \u001b[2mat beginWork (\u001b[22m\u001b[2mnode_modules/react-dom/cjs/react-dom.development.js\u001b[2m:21626:16)\u001b[22m\u001b[2m\u001b[22m\n\u001b[2m      \u001b[2mat beginWork$1 (\u001b[22m\u001b[2mnode_modules/react-dom/cjs/react-dom.development.js\u001b[2m:27465:14)\u001b[22m\u001b[2m\u001b[22m\n\u001b[2m      \u001b[2mat performUnitOfWork (\u001b[22m\u001b[2mnode_modules/react-dom/cjs/react-dom.development.js\u001b[2m:26599:12)\u001b[22m\u001b[2m\u001b[22m\n\u001b[2m      \u001b[2mat workLoopSync (\u001b[22m\u001b[2mnode_modules/react-dom/cjs/react-dom.development.js\u001b[2m:26505:5)\u001b[22m\u001b[2m\u001b[22m\n\u001b[2m      \u001b[2mat renderRootSync (\u001b[22m\u001b[2mnode_modules/react-dom/cjs/react-dom.development.js\u001b[2m:26473:7)\u001b[22m\u001b[2m\u001b[22m\n\u001b[2m      \u001b[2mat recoverFromConcurrentError (\u001b[22m\u001b[2mnode_modules/react-dom/cjs/react-dom.development.js\u001b[2m:25889:20)\u001b[22m\u001b[2m\u001b[22m\n\u001b[2m      \u001b[2mat performConcurrentWorkOnRoot (\u001b[22m\u001b[2mnode_modules/react-dom/cjs/react-dom.development.js\u001b[2m:25789:22)\u001b[22m\u001b[2m\u001b[22m\n\u001b[2m      \u001b[2mat flushActQueue (\u001b[22m\u001b[2mnode_modules/react/cjs/react.development.js\u001b[2m:2667:24)\u001b[22m\u001b[2m\u001b[22m\n\u001b[2m      \u001b[2mat act (\u001b[22m\u001b[2mnode_modules/react/cjs/react.development.js\u001b[2m:2582:11)\u001b[22m\u001b[2m\u001b[22m\n\u001b[2m      \u001b[2mat \u001b[22m\u001b[2mnode_modules/@testing-library/react/dist/act-compat.js\u001b[2m:47:25\u001b[22m\u001b[2m\u001b[22m\n\u001b[2m      \u001b[2mat renderRoot (\u001b[22m\u001b[2mnode_modules/@testing-library/react/dist/pure.js\u001b[2m:180:26)\u001b[22m\u001b[2m\u001b[22m\n\u001b[2m      \u001b[2mat render (\u001b[22m\u001b[2mnode_modules/@testing-library/react/dist/pure.js\u001b[2m:271:10)\u001b[22m\u001b[2m\u001b[22m\n\u001b[2m      \u001b[2mat Object.<anonymous> (\u001b[22m\u001b[2m\u001b[0m\u001b[36msrc/__tests__/components/ThemeProvider.test.tsx\u001b[39m\u001b[0m\u001b[2m:76:11)\u001b[22m\u001b[2m\u001b[22m\n\n\u001b[1m\u001b[31m  \u001b[1m● \u001b[22m\u001b[1mThemeProvider › sets the theme directly when setTheme function is called\u001b[39m\u001b[22m\n\n    useTheme must be used within a ThemeProvider\n\u001b[2m\u001b[22m\n\u001b[2m    \u001b[0m \u001b[90m 102 |\u001b[39m     \u001b[36mconst\u001b[39m context \u001b[33m=\u001b[39m useContext(\u001b[33mThemeContext\u001b[39m)\u001b[33m;\u001b[39m\u001b[22m\n\u001b[2m     \u001b[90m 103 |\u001b[39m     \u001b[36mif\u001b[39m (context \u001b[33m===\u001b[39m undefined) {\u001b[22m\n\u001b[2m    \u001b[31m\u001b[1m>\u001b[22m\u001b[2m\u001b[39m\u001b[90m 104 |\u001b[39m         \u001b[36mthrow\u001b[39m \u001b[36mnew\u001b[39m \u001b[33mError\u001b[39m(\u001b[32m'useTheme must be used within a ThemeProvider'\u001b[39m)\u001b[33m;\u001b[39m\u001b[22m\n\u001b[2m     \u001b[90m     |\u001b[39m               \u001b[31m\u001b[1m^\u001b[22m\u001b[2m\u001b[39m\u001b[22m\n\u001b[2m     \u001b[90m 105 |\u001b[39m     }\u001b[22m\n\u001b[2m     \u001b[90m 106 |\u001b[39m     \u001b[36mreturn\u001b[39m context\u001b[33m;\u001b[39m\u001b[22m\n\u001b[2m     \u001b[90m 107 |\u001b[39m }\u001b[0m\u001b[22m\n\u001b[2m\u001b[22m\n\u001b[2m      \u001b[2mat useTheme (\u001b[22m\u001b[2msrc/components/ThemeProvider.tsx\u001b[2m:104:15)\u001b[22m\u001b[2m\u001b[22m\n\u001b[2m      \u001b[2mat TestComponent (\u001b[22m\u001b[2m\u001b[0m\u001b[36msrc/__tests__/components/ThemeProvider.test.tsx\u001b[39m\u001b[0m\u001b[2m:7:52)\u001b[22m\u001b[2m\u001b[22m\n\u001b[2m      \u001b[2mat renderWithHooks (\u001b[22m\u001b[2mnode_modules/react-dom/cjs/react-dom.development.js\u001b[2m:15486:18)\u001b[22m\u001b[2m\u001b[22m\n\u001b[2m      \u001b[2mat mountIndeterminateComponent (\u001b[22m\u001b[2mnode_modules/react-dom/cjs/react-dom.development.js\u001b[2m:20103:13)\u001b[22m\u001b[2m\u001b[22m\n\u001b[2m      \u001b[2mat beginWork (\u001b[22m\u001b[2mnode_modules/react-dom/cjs/react-dom.development.js\u001b[2m:21626:16)\u001b[22m\u001b[2m\u001b[22m\n\u001b[2m      \u001b[2mat beginWork$1 (\u001b[22m\u001b[2mnode_modules/react-dom/cjs/react-dom.development.js\u001b[2m:27465:14)\u001b[22m\u001b[2m\u001b[22m\n\u001b[2m      \u001b[2mat performUnitOfWork (\u001b[22m\u001b[2mnode_modules/react-dom/cjs/react-dom.development.js\u001b[2m:26599:12)\u001b[22m\u001b[2m\u001b[22m\n\u001b[2m      \u001b[2mat workLoopSync (\u001b[22m\u001b[2mnode_modules/react-dom/cjs/react-dom.development.js\u001b[2m:26505:5)\u001b[22m\u001b[2m\u001b[22m\n\u001b[2m      \u001b[2mat renderRootSync (\u001b[22m\u001b[2mnode_modules/react-dom/cjs/react-dom.development.js\u001b[2m:26473:7)\u001b[22m\u001b[2m\u001b[22m\n\u001b[2m      \u001b[2mat recoverFromConcurrentError (\u001b[22m\u001b[2mnode_modules/react-dom/cjs/react-dom.development.js\u001b[2m:25889:20)\u001b[22m\u001b[2m\u001b[22m\n\u001b[2m      \u001b[2mat performConcurrentWorkOnRoot (\u001b[22m\u001b[2mnode_modules/react-dom/cjs/react-dom.development.js\u001b[2m:25789:22)\u001b[22m\u001b[2m\u001b[22m\n\u001b[2m      \u001b[2mat flushActQueue (\u001b[22m\u001b[2mnode_modules/react/cjs/react.development.js\u001b[2m:2667:24)\u001b[22m\u001b[2m\u001b[22m\n\u001b[2m      \u001b[2mat act (\u001b[22m\u001b[2mnode_modules/react/cjs/react.development.js\u001b[2m:2582:11)\u001b[22m\u001b[2m\u001b[22m\n\u001b[2m      \u001b[2mat \u001b[22m\u001b[2mnode_modules/@testing-library/react/dist/act-compat.js\u001b[2m:47:25\u001b[22m\u001b[2m\u001b[22m\n\u001b[2m      \u001b[2mat renderRoot (\u001b[22m\u001b[2mnode_modules/@testing-library/react/dist/pure.js\u001b[2m:180:26)\u001b[22m\u001b[2m\u001b[22m\n\u001b[2m      \u001b[2mat render (\u001b[22m\u001b[2mnode_modules/@testing-library/react/dist/pure.js\u001b[2m:271:10)\u001b[22m\u001b[2m\u001b[22m\n\u001b[2m      \u001b[2mat Object.<anonymous> (\u001b[22m\u001b[2m\u001b[0m\u001b[36msrc/__tests__/components/ThemeProvider.test.tsx\u001b[39m\u001b[0m\u001b[2m:102:11)\u001b[22m\u001b[2m\u001b[22m\n\n\u001b[1m\u001b[31m  \u001b[1m● \u001b[22m\u001b[1mThemeProvider › applies appropriate CSS classes to document when theme changes\u001b[39m\u001b[22m\n\n    useTheme must be used within a ThemeProvider\n\u001b[2m\u001b[22m\n\u001b[2m    \u001b[0m \u001b[90m 102 |\u001b[39m     \u001b[36mconst\u001b[39m context \u001b[33m=\u001b[39m useContext(\u001b[33mThemeContext\u001b[39m)\u001b[33m;\u001b[39m\u001b[22m\n\u001b[2m     \u001b[90m 103 |\u001b[39m     \u001b[36mif\u001b[39m (context \u001b[33m===\u001b[39m undefined) {\u001b[22m\n\u001b[2m    \u001b[31m\u001b[1m>\u001b[22m\u001b[2m\u001b[39m\u001b[90m 104 |\u001b[39m         \u001b[36mthrow\u001b[39m \u001b[36mnew\u001b[39m \u001b[33mError\u001b[39m(\u001b[32m'useTheme must be used within a ThemeProvider'\u001b[39m)\u001b[33m;\u001b[39m\u001b[22m\n\u001b[2m     \u001b[90m     |\u001b[39m               \u001b[31m\u001b[1m^\u001b[22m\u001b[2m\u001b[39m\u001b[22m\n\u001b[2m     \u001b[90m 105 |\u001b[39m     }\u001b[22m\n\u001b[2m     \u001b[90m 106 |\u001b[39m     \u001b[36mreturn\u001b[39m context\u001b[33m;\u001b[39m\u001b[22m\n\u001b[2m     \u001b[90m 107 |\u001b[39m }\u001b[0m\u001b[22m\n\u001b[2m\u001b[22m\n\u001b[2m      \u001b[2mat useTheme (\u001b[22m\u001b[2msrc/components/ThemeProvider.tsx\u001b[2m:104:15)\u001b[22m\u001b[2m\u001b[22m\n\u001b[2m      \u001b[2mat TestComponent (\u001b[22m\u001b[2m\u001b[0m\u001b[36msrc/__tests__/components/ThemeProvider.test.tsx\u001b[39m\u001b[0m\u001b[2m:7:52)\u001b[22m\u001b[2m\u001b[22m\n\u001b[2m      \u001b[2mat renderWithHooks (\u001b[22m\u001b[2mnode_modules/react-dom/cjs/react-dom.development.js\u001b[2m:15486:18)\u001b[22m\u001b[2m\u001b[22m\n\u001b[2m      \u001b[2mat mountIndeterminateComponent (\u001b[22m\u001b[2mnode_modules/react-dom/cjs/react-dom.development.js\u001b[2m:20103:13)\u001b[22m\u001b[2m\u001b[22m\n\u001b[2m      \u001b[2mat beginWork (\u001b[22m\u001b[2mnode_modules/react-dom/cjs/react-dom.development.js\u001b[2m:21626:16)\u001b[22m\u001b[2m\u001b[22m\n\u001b[2m      \u001b[2mat beginWork$1 (\u001b[22m\u001b[2mnode_modules/react-dom/cjs/react-dom.development.js\u001b[2m:27465:14)\u001b[22m\u001b[2m\u001b[22m\n\u001b[2m      \u001b[2mat performUnitOfWork (\u001b[22m\u001b[2mnode_modules/react-dom/cjs/react-dom.development.js\u001b[2m:26599:12)\u001b[22m\u001b[2m\u001b[22m\n\u001b[2m      \u001b[2mat workLoopSync (\u001b[22m\u001b[2mnode_modules/react-dom/cjs/react-dom.development.js\u001b[2m:26505:5)\u001b[22m\u001b[2m\u001b[22m\n\u001b[2m      \u001b[2mat renderRootSync (\u001b[22m\u001b[2mnode_modules/react-dom/cjs/react-dom.development.js\u001b[2m:26473:7)\u001b[22m\u001b[2m\u001b[22m\n\u001b[2m      \u001b[2mat recoverFromConcurrentError (\u001b[22m\u001b[2mnode_modules/react-dom/cjs/react-dom.development.js\u001b[2m:25889:20)\u001b[22m\u001b[2m\u001b[22m\n\u001b[2m      \u001b[2mat performConcurrentWorkOnRoot (\u001b[22m\u001b[2mnode_modules/react-dom/cjs/react-dom.development.js\u001b[2m:25789:22)\u001b[22m\u001b[2m\u001b[22m\n\u001b[2m      \u001b[2mat flushActQueue (\u001b[22m\u001b[2mnode_modules/react/cjs/react.development.js\u001b[2m:2667:24)\u001b[22m\u001b[2m\u001b[22m\n\u001b[2m      \u001b[2mat act (\u001b[22m\u001b[2mnode_modules/react/cjs/react.development.js\u001b[2m:2582:11)\u001b[22m\u001b[2m\u001b[22m\n\u001b[2m      \u001b[2mat \u001b[22m\u001b[2mnode_modules/@testing-library/react/dist/act-compat.js\u001b[2m:47:25\u001b[22m\u001b[2m\u001b[22m\n\u001b[2m      \u001b[2mat renderRoot (\u001b[22m\u001b[2mnode_modules/@testing-library/react/dist/pure.js\u001b[2m:180:26)\u001b[22m\u001b[2m\u001b[22m\n\u001b[2m      \u001b[2mat render (\u001b[22m\u001b[2mnode_modules/@testing-library/react/dist/pure.js\u001b[2m:271:10)\u001b[22m\u001b[2m\u001b[22m\n\u001b[2m      \u001b[2mat Object.<anonymous> (\u001b[22m\u001b[2m\u001b[0m\u001b[36msrc/__tests__/components/ThemeProvider.test.tsx\u001b[39m\u001b[0m\u001b[2m:128:11)\u001b[22m\u001b[2m\u001b[22m\n\n\u001b[1m\u001b[31m  \u001b[1m● \u001b[22m\u001b[1mThemeProvider › handles errors gracefully when localStorage is not available\u001b[39m\u001b[22m\n\n    \u001b[2mexpect(\u001b[22m\u001b[31mreceived\u001b[39m\u001b[2m).\u001b[22mnot\u001b[2m.\u001b[22mtoThrow\u001b[2m()\u001b[22m\n\n    Error name:    \u001b[31m\"Error\"\u001b[39m\n    Error message: \u001b[31m\"useTheme must be used within a ThemeProvider\"\u001b[39m\n\n        \u001b[0m \u001b[90m 102 |\u001b[39m     \u001b[36mconst\u001b[39m context \u001b[33m=\u001b[39m useContext(\u001b[33mThemeContext\u001b[39m)\u001b[33m;\u001b[39m\n         \u001b[90m 103 |\u001b[39m     \u001b[36mif\u001b[39m (context \u001b[33m===\u001b[39m undefined) {\n        \u001b[31m\u001b[1m>\u001b[22m\u001b[39m\u001b[90m 104 |\u001b[39m         \u001b[36mthrow\u001b[39m \u001b[36mnew\u001b[39m \u001b[33mError\u001b[39m(\u001b[32m'useTheme must be used within a ThemeProvider'\u001b[39m)\u001b[33m;\u001b[39m\n         \u001b[90m     |\u001b[39m               \u001b[31m\u001b[1m^\u001b[22m\u001b[39m\n         \u001b[90m 105 |\u001b[39m     }\n         \u001b[90m 106 |\u001b[39m     \u001b[36mreturn\u001b[39m context\u001b[33m;\u001b[39m\n         \u001b[90m 107 |\u001b[39m }\u001b[0m\n\n          \u001b[2mat useTheme (\u001b[22msrc/components/ThemeProvider.tsx\u001b[2m:104:15)\u001b[22m\n          \u001b[2mat TestComponent (\u001b[22msrc/__tests__/components/ThemeProvider.test.tsx\u001b[2m:7:52)\u001b[22m\n          \u001b[2mat renderWithHooks (\u001b[22mnode_modules/react-dom/cjs/react-dom.development.js\u001b[2m:15486:18)\u001b[22m\n          \u001b[2mat mountIndeterminateComponent (\u001b[22mnode_modules/react-dom/cjs/react-dom.development.js\u001b[2m:20103:13)\u001b[22m\n          \u001b[2mat beginWork (\u001b[22mnode_modules/react-dom/cjs/react-dom.development.js\u001b[2m:21626:16)\u001b[22m\n          \u001b[2mat beginWork$1 (\u001b[22mnode_modules/react-dom/cjs/react-dom.development.js\u001b[2m:27465:14)\u001b[22m\n          \u001b[2mat performUnitOfWork (\u001b[22mnode_modules/react-dom/cjs/react-dom.development.js\u001b[2m:26599:12)\u001b[22m\n          \u001b[2mat workLoopSync (\u001b[22mnode_modules/react-dom/cjs/react-dom.development.js\u001b[2m:26505:5)\u001b[22m\n          \u001b[2mat renderRootSync (\u001b[22mnode_modules/react-dom/cjs/react-dom.development.js\u001b[2m:26473:7)\u001b[22m\n          \u001b[2mat recoverFromConcurrentError (\u001b[22mnode_modules/react-dom/cjs/react-dom.development.js\u001b[2m:25889:20)\u001b[22m\n          \u001b[2mat performConcurrentWorkOnRoot (\u001b[22mnode_modules/react-dom/cjs/react-dom.development.js\u001b[2m:25789:22)\u001b[22m\n          \u001b[2mat flushActQueue (\u001b[22mnode_modules/react/cjs/react.development.js\u001b[2m:2667:24)\u001b[22m\n          \u001b[2mat act (\u001b[22mnode_modules/react/cjs/react.development.js\u001b[2m:2582:11)\u001b[22m\n          \u001b[2mat \u001b[22mnode_modules/@testing-library/react/dist/act-compat.js\u001b[2m:47:25\u001b[22m\n          \u001b[2mat renderRoot (\u001b[22mnode_modules/@testing-library/react/dist/pure.js\u001b[2m:180:26)\u001b[22m\n          \u001b[2mat render (\u001b[22mnode_modules/@testing-library/react/dist/pure.js\u001b[2m:271:10)\u001b[22m\n          \u001b[2mat \u001b[22msrc/__tests__/components/ThemeProvider.test.tsx\u001b[2m:153:24\u001b[22m\n          \u001b[2mat Object.<anonymous> (\u001b[22mnode_modules/expect/build/toThrowMatchers.js\u001b[2m:74:11)\u001b[22m\n          \u001b[2mat Object.throwingMatcher [as toThrow] (\u001b[22mnode_modules/expect/build/index.js\u001b[2m:320:21)\u001b[22m\n          \u001b[2mat Object.toThrow (\u001b[22msrc/__tests__/components/ThemeProvider.test.tsx\u001b[2m:153:47)\u001b[22m\n\u001b[2m\u001b[22m\n\u001b[2m    \u001b[0m \u001b[90m 151 |\u001b[39m     \u001b[22m\n\u001b[2m     \u001b[90m 152 |\u001b[39m     \u001b[90m// Should not throw an error when rendering\u001b[39m\u001b[22m\n\u001b[2m    \u001b[31m\u001b[1m>\u001b[22m\u001b[2m\u001b[39m\u001b[90m 153 |\u001b[39m     expect(() \u001b[33m=>\u001b[39m render(\u001b[33m<\u001b[39m\u001b[33mTestWrapper\u001b[39m \u001b[33m/\u001b[39m\u001b[33m>\u001b[39m))\u001b[33m.\u001b[39mnot\u001b[33m.\u001b[39mtoThrow()\u001b[33m;\u001b[39m\u001b[22m\n\u001b[2m     \u001b[90m     |\u001b[39m                                               \u001b[31m\u001b[1m^\u001b[22m\u001b[2m\u001b[39m\u001b[22m\n\u001b[2m     \u001b[90m 154 |\u001b[39m     \u001b[22m\n\u001b[2m     \u001b[90m 155 |\u001b[39m     \u001b[90m// Theme should default to light\u001b[39m\u001b[22m\n\u001b[2m     \u001b[90m 156 |\u001b[39m     expect(screen\u001b[33m.\u001b[39mgetByTestId(\u001b[32m'current-theme'\u001b[39m)\u001b[33m.\u001b[39mtextContent)\u001b[33m.\u001b[39mtoBe(\u001b[32m'light'\u001b[39m)\u001b[33m;\u001b[39m\u001b[0m\u001b[22m\n\u001b[2m\u001b[22m\n\u001b[2m      \u001b[2mat Object.toThrow (\u001b[22m\u001b[2m\u001b[0m\u001b[36msrc/__tests__/components/ThemeProvider.test.tsx\u001b[39m\u001b[0m\u001b[2m:153:47)\u001b[22m\u001b[2m\u001b[22m\n","name":"C:\\Users\\Win11 Pro\\Documents\\Solva\\docanalyze\\nextjs-temp\\src\\__tests__\\components\\ThemeProvider.test.tsx","startTime":1744152037503,"status":"failed","summary":""},{"assertionResults":[{"ancestorTitles":["FileUpload"],"duration":749,"failureDetails":[{"name":"TestingLibraryElementError"}],"failureMessages":["TestingLibraryElementError: Unable to find an element with the text: /drag & drop files or/i. This could be because the text is broken up by multiple elements. In this case, you can provide a function for your text matcher to make your matcher more flexible.\n\nIgnored nodes: comments, script, style\n\u001b[36m<body>\u001b[39m\n  \u001b[36m<div>\u001b[39m\n    \u001b[36m<div\u001b[39m\n      \u001b[33mclass\u001b[39m=\u001b[32m\"space-y-6\"\u001b[39m\n    \u001b[36m>\u001b[39m\n      \u001b[36m<div\u001b[39m\n        \u001b[33mclass\u001b[39m=\u001b[32m\"border-2 border-dashed rounded-lg p-12 text-center cursor-pointer transition-colors border-gray-300 dark:border-gray-700 hover:border-primary-light dark:hover:border-primary-light\"\u001b[39m\n        \u001b[33mdata-testid\u001b[39m=\u001b[32m\"dropzone\"\u001b[39m\n      \u001b[36m>\u001b[39m\n        \u001b[36m<input\u001b[39m\n          \u001b[33maccept\u001b[39m=\u001b[32m\".pdf,.md,.txt,.docx\"\u001b[39m\n          \u001b[33mclass\u001b[39m=\u001b[32m\"hidden\"\u001b[39m\n          \u001b[33mdata-testid\u001b[39m=\u001b[32m\"file-input\"\u001b[39m\n          \u001b[33mmultiple\u001b[39m=\u001b[32m\"\"\u001b[39m\n          \u001b[33mtype\u001b[39m=\u001b[32m\"file\"\u001b[39m\n        \u001b[36m/>\u001b[39m\n        \u001b[36m<div\u001b[39m\n          \u001b[33mclass\u001b[39m=\u001b[32m\"space-y-2\"\u001b[39m\n        \u001b[36m>\u001b[39m\n          \u001b[36m<svg\u001b[39m\n            \u001b[33maria-hidden\u001b[39m=\u001b[32m\"true\"\u001b[39m\n            \u001b[33mclass\u001b[39m=\u001b[32m\"mx-auto h-12 w-12 text-gray-400\"\u001b[39m\n            \u001b[33mfill\u001b[39m=\u001b[32m\"none\"\u001b[39m\n            \u001b[33mstroke\u001b[39m=\u001b[32m\"currentColor\"\u001b[39m\n            \u001b[33mviewBox\u001b[39m=\u001b[32m\"0 0 48 48\"\u001b[39m\n          \u001b[36m>\u001b[39m\n            \u001b[36m<path\u001b[39m\n              \u001b[33md\u001b[39m=\u001b[32m\"M28 8H12a4 4 0 00-4 4v20m32-12v8m0 0v8a4 4 0 01-4 4H12a4 4 0 01-4-4v-4m32-4l-3.172-3.172a4 4 0 00-5.656 0L28 28M8 32l9.172-9.172a4 4 0 015.656 0L28 28m0 0l4 4m4-24h8m-4-4v8m-12 4h.02\"\u001b[39m\n              \u001b[33mstroke-linecap\u001b[39m=\u001b[32m\"round\"\u001b[39m\n              \u001b[33mstroke-linejoin\u001b[39m=\u001b[32m\"round\"\u001b[39m\n              \u001b[33mstroke-width\u001b[39m=\u001b[32m\"2\"\u001b[39m\n            \u001b[36m/>\u001b[39m\n          \u001b[36m</svg>\u001b[39m\n          \u001b[36m<div\u001b[39m\n            \u001b[33mclass\u001b[39m=\u001b[32m\"text-sm text-gray-600 dark:text-gray-400\"\u001b[39m\n          \u001b[36m>\u001b[39m\n            \u001b[36m<span\u001b[39m\n              \u001b[33mclass\u001b[39m=\u001b[32m\"font-medium\"\u001b[39m\n            \u001b[36m>\u001b[39m\n              \u001b[0mDrag and drop files here\u001b[0m\n            \u001b[36m</span>\u001b[39m\n            \u001b[0m or click to select files\u001b[0m\n          \u001b[36m</div>\u001b[39m\n          \u001b[36m<p\u001b[39m\n            \u001b[33mclass\u001b[39m=\u001b[32m\"text-xs text-gray-500 dark:text-gray-400\"\u001b[39m\n          \u001b[36m>\u001b[39m\n            \u001b[0mPDF, Markdown, DOCX, or text files up to \u001b[0m\n            \u001b[0m10\u001b[0m\n            \u001b[0mMB\u001b[0m\n          \u001b[36m</p>\u001b[39m\n        \u001b[36m</div>\u001b[39m\n      \u001b[36m</div>\u001b[39m\n    \u001b[36m</div>\u001b[39m\n  \u001b[36m</div>\u001b[39m\n\u001b[36m</body>\u001b[39m\n    at Object.getElementError (C:\\Users\\Win11 Pro\\Documents\\Solva\\docanalyze\\nextjs-temp\\node_modules\\@testing-library\\react\\node_modules\\@testing-library\\dom\\dist\\config.js:37:19)\n    at C:\\Users\\Win11 Pro\\Documents\\Solva\\docanalyze\\nextjs-temp\\node_modules\\@testing-library\\react\\node_modules\\@testing-library\\dom\\dist\\query-helpers.js:76:38\n    at C:\\Users\\Win11 Pro\\Documents\\Solva\\docanalyze\\nextjs-temp\\node_modules\\@testing-library\\react\\node_modules\\@testing-library\\dom\\dist\\query-helpers.js:52:17\n    at C:\\Users\\Win11 Pro\\Documents\\Solva\\docanalyze\\nextjs-temp\\node_modules\\@testing-library\\react\\node_modules\\@testing-library\\dom\\dist\\query-helpers.js:95:19\n    at Object.getByText (C:\\Users\\Win11 Pro\\Documents\\Solva\\docanalyze\\nextjs-temp\\src\\__tests__\\components\\FileUpload.test.tsx:39:19)\n    at Promise.then.completed (C:\\Users\\Win11 Pro\\Documents\\Solva\\docanalyze\\nextjs-temp\\node_modules\\jest-circus\\build\\utils.js:298:28)\n    at new Promise (<anonymous>)\n    at callAsyncCircusFn (C:\\Users\\Win11 Pro\\Documents\\Solva\\docanalyze\\nextjs-temp\\node_modules\\jest-circus\\build\\utils.js:231:10)\n    at _callCircusTest (C:\\Users\\Win11 Pro\\Documents\\Solva\\docanalyze\\nextjs-temp\\node_modules\\jest-circus\\build\\run.js:316:40)\n    at processTicksAndRejections (node:internal/process/task_queues:105:5)\n    at _runTest (C:\\Users\\Win11 Pro\\Documents\\Solva\\docanalyze\\nextjs-temp\\node_modules\\jest-circus\\build\\run.js:252:3)\n    at _runTestsForDescribeBlock (C:\\Users\\Win11 Pro\\Documents\\Solva\\docanalyze\\nextjs-temp\\node_modules\\jest-circus\\build\\run.js:126:9)\n    at _runTestsForDescribeBlock (C:\\Users\\Win11 Pro\\Documents\\Solva\\docanalyze\\nextjs-temp\\node_modules\\jest-circus\\build\\run.js:121:9)\n    at run (C:\\Users\\Win11 Pro\\Documents\\Solva\\docanalyze\\nextjs-temp\\node_modules\\jest-circus\\build\\run.js:71:3)\n    at runAndTransformResultsToJestFormat (C:\\Users\\Win11 Pro\\Documents\\Solva\\docanalyze\\nextjs-temp\\node_modules\\jest-circus\\build\\legacy-code-todo-rewrite\\jestAdapterInit.js:122:21)\n    at jestAdapter (C:\\Users\\Win11 Pro\\Documents\\Solva\\docanalyze\\nextjs-temp\\node_modules\\jest-circus\\build\\legacy-code-todo-rewrite\\jestAdapter.js:79:19)\n    at runTestInternal (C:\\Users\\Win11 Pro\\Documents\\Solva\\docanalyze\\nextjs-temp\\node_modules\\jest-runner\\build\\runTest.js:367:16)\n    at runTest (C:\\Users\\Win11 Pro\\Documents\\Solva\\docanalyze\\nextjs-temp\\node_modules\\jest-runner\\build\\runTest.js:444:34)\n    at Object.worker (C:\\Users\\Win11 Pro\\Documents\\Solva\\docanalyze\\nextjs-temp\\node_modules\\jest-runner\\build\\testWorker.js:106:12)"],"fullName":"FileUpload renders the component correctly","invocations":1,"location":null,"numPassingAsserts":0,"retryReasons":[],"status":"failed","title":"renders the component correctly"},{"ancestorTitles":["FileUpload"],"duration":44,"failureDetails":[{"name":"TestingLibraryElementError"}],"failureMessages":["TestingLibraryElementError: Unable to find an element with the text: /upload in progress/i. This could be because the text is broken up by multiple elements. In this case, you can provide a function for your text matcher to make your matcher more flexible.\n\nIgnored nodes: comments, script, style\n\u001b[36m<body>\u001b[39m\n  \u001b[36m<div>\u001b[39m\n    \u001b[36m<div\u001b[39m\n      \u001b[33mclass\u001b[39m=\u001b[32m\"space-y-6\"\u001b[39m\n    \u001b[36m>\u001b[39m\n      \u001b[36m<div\u001b[39m\n        \u001b[33mclass\u001b[39m=\u001b[32m\"border-2 border-dashed rounded-lg p-12 text-center cursor-pointer transition-colors border-gray-300 dark:border-gray-700 bg-gray-50 dark:bg-gray-900/50 cursor-not-allowed\"\u001b[39m\n        \u001b[33mdata-testid\u001b[39m=\u001b[32m\"dropzone\"\u001b[39m\n      \u001b[36m>\u001b[39m\n        \u001b[36m<input\u001b[39m\n          \u001b[33maccept\u001b[39m=\u001b[32m\".pdf,.md,.txt,.docx\"\u001b[39m\n          \u001b[33mclass\u001b[39m=\u001b[32m\"hidden\"\u001b[39m\n          \u001b[33mdata-testid\u001b[39m=\u001b[32m\"file-input\"\u001b[39m\n          \u001b[33mdisabled\u001b[39m=\u001b[32m\"\"\u001b[39m\n          \u001b[33mmultiple\u001b[39m=\u001b[32m\"\"\u001b[39m\n          \u001b[33mtype\u001b[39m=\u001b[32m\"file\"\u001b[39m\n        \u001b[36m/>\u001b[39m\n        \u001b[36m<div\u001b[39m\n          \u001b[33mclass\u001b[39m=\u001b[32m\"space-y-2\"\u001b[39m\n        \u001b[36m>\u001b[39m\n          \u001b[36m<svg\u001b[39m\n            \u001b[33maria-hidden\u001b[39m=\u001b[32m\"true\"\u001b[39m\n            \u001b[33mclass\u001b[39m=\u001b[32m\"mx-auto h-12 w-12 text-gray-400\"\u001b[39m\n            \u001b[33mfill\u001b[39m=\u001b[32m\"none\"\u001b[39m\n            \u001b[33mstroke\u001b[39m=\u001b[32m\"currentColor\"\u001b[39m\n            \u001b[33mviewBox\u001b[39m=\u001b[32m\"0 0 48 48\"\u001b[39m\n          \u001b[36m>\u001b[39m\n            \u001b[36m<path\u001b[39m\n              \u001b[33md\u001b[39m=\u001b[32m\"M28 8H12a4 4 0 00-4 4v20m32-12v8m0 0v8a4 4 0 01-4 4H12a4 4 0 01-4-4v-4m32-4l-3.172-3.172a4 4 0 00-5.656 0L28 28M8 32l9.172-9.172a4 4 0 015.656 0L28 28m0 0l4 4m4-24h8m-4-4v8m-12 4h.02\"\u001b[39m\n              \u001b[33mstroke-linecap\u001b[39m=\u001b[32m\"round\"\u001b[39m\n              \u001b[33mstroke-linejoin\u001b[39m=\u001b[32m\"round\"\u001b[39m\n              \u001b[33mstroke-width\u001b[39m=\u001b[32m\"2\"\u001b[39m\n            \u001b[36m/>\u001b[39m\n          \u001b[36m</svg>\u001b[39m\n          \u001b[36m<div\u001b[39m\n            \u001b[33mclass\u001b[39m=\u001b[32m\"text-sm text-gray-600 dark:text-gray-400\"\u001b[39m\n          \u001b[36m>\u001b[39m\n            \u001b[36m<span\u001b[39m\n              \u001b[33mclass\u001b[39m=\u001b[32m\"font-medium\"\u001b[39m\n            \u001b[36m>\u001b[39m\n              \u001b[0mDrag and drop files here\u001b[0m\n            \u001b[36m</span>\u001b[39m\n            \u001b[0m or click to select files\u001b[0m\n          \u001b[36m</div>\u001b[39m\n          \u001b[36m<p\u001b[39m\n            \u001b[33mclass\u001b[39m=\u001b[32m\"text-xs text-gray-500 dark:text-gray-400\"\u001b[39m\n          \u001b[36m>\u001b[39m\n            \u001b[0mPDF, Markdown, DOCX, or text files up to \u001b[0m\n            \u001b[0m10\u001b[0m\n            \u001b[0mMB\u001b[0m\n          \u001b[36m</p>\u001b[39m\n        \u001b[36m</div>\u001b[39m\n      \u001b[36m</div>\u001b[39m\n    \u001b[36m</div>\u001b[39m\n  \u001b[36m</div>\u001b[39m\n\u001b[36m</body>\u001b[39m\n    at Object.getElementError (C:\\Users\\Win11 Pro\\Documents\\Solva\\docanalyze\\nextjs-temp\\node_modules\\@testing-library\\react\\node_modules\\@testing-library\\dom\\dist\\config.js:37:19)\n    at C:\\Users\\Win11 Pro\\Documents\\Solva\\docanalyze\\nextjs-temp\\node_modules\\@testing-library\\react\\node_modules\\@testing-library\\dom\\dist\\query-helpers.js:76:38\n    at C:\\Users\\Win11 Pro\\Documents\\Solva\\docanalyze\\nextjs-temp\\node_modules\\@testing-library\\react\\node_modules\\@testing-library\\dom\\dist\\query-helpers.js:52:17\n    at C:\\Users\\Win11 Pro\\Documents\\Solva\\docanalyze\\nextjs-temp\\node_modules\\@testing-library\\react\\node_modules\\@testing-library\\dom\\dist\\query-helpers.js:95:19\n    at Object.getByText (C:\\Users\\Win11 Pro\\Documents\\Solva\\docanalyze\\nextjs-temp\\src\\__tests__\\components\\FileUpload.test.tsx:54:19)\n    at Promise.then.completed (C:\\Users\\Win11 Pro\\Documents\\Solva\\docanalyze\\nextjs-temp\\node_modules\\jest-circus\\build\\utils.js:298:28)\n    at new Promise (<anonymous>)\n    at callAsyncCircusFn (C:\\Users\\Win11 Pro\\Documents\\Solva\\docanalyze\\nextjs-temp\\node_modules\\jest-circus\\build\\utils.js:231:10)\n    at _callCircusTest (C:\\Users\\Win11 Pro\\Documents\\Solva\\docanalyze\\nextjs-temp\\node_modules\\jest-circus\\build\\run.js:316:40)\n    at processTicksAndRejections (node:internal/process/task_queues:105:5)\n    at _runTest (C:\\Users\\Win11 Pro\\Documents\\Solva\\docanalyze\\nextjs-temp\\node_modules\\jest-circus\\build\\run.js:252:3)\n    at _runTestsForDescribeBlock (C:\\Users\\Win11 Pro\\Documents\\Solva\\docanalyze\\nextjs-temp\\node_modules\\jest-circus\\build\\run.js:126:9)\n    at _runTestsForDescribeBlock (C:\\Users\\Win11 Pro\\Documents\\Solva\\docanalyze\\nextjs-temp\\node_modules\\jest-circus\\build\\run.js:121:9)\n    at run (C:\\Users\\Win11 Pro\\Documents\\Solva\\docanalyze\\nextjs-temp\\node_modules\\jest-circus\\build\\run.js:71:3)\n    at runAndTransformResultsToJestFormat (C:\\Users\\Win11 Pro\\Documents\\Solva\\docanalyze\\nextjs-temp\\node_modules\\jest-circus\\build\\legacy-code-todo-rewrite\\jestAdapterInit.js:122:21)\n    at jestAdapter (C:\\Users\\Win11 Pro\\Documents\\Solva\\docanalyze\\nextjs-temp\\node_modules\\jest-circus\\build\\legacy-code-todo-rewrite\\jestAdapter.js:79:19)\n    at runTestInternal (C:\\Users\\Win11 Pro\\Documents\\Solva\\docanalyze\\nextjs-temp\\node_modules\\jest-runner\\build\\runTest.js:367:16)\n    at runTest (C:\\Users\\Win11 Pro\\Documents\\Solva\\docanalyze\\nextjs-temp\\node_modules\\jest-runner\\build\\runTest.js:444:34)\n    at Object.worker (C:\\Users\\Win11 Pro\\Documents\\Solva\\docanalyze\\nextjs-temp\\node_modules\\jest-runner\\build\\testWorker.js:106:12)"],"fullName":"FileUpload shows disabled state when disabled prop is true","invocations":1,"location":null,"numPassingAsserts":0,"retryReasons":[],"status":"failed","title":"shows disabled state when disabled prop is true"},{"ancestorTitles":["FileUpload"],"duration":107,"failureDetails":[{"name":"TestingLibraryElementError"}],"failureMessages":["TestingLibraryElementError: Unable to find an element with the text: 1.0 MB. This could be because the text is broken up by multiple elements. In this case, you can provide a function for your text matcher to make your matcher more flexible.\n\nIgnored nodes: comments, script, style\n\u001b[36m<body>\u001b[39m\n  \u001b[36m<div>\u001b[39m\n    \u001b[36m<div\u001b[39m\n      \u001b[33mclass\u001b[39m=\u001b[32m\"space-y-6\"\u001b[39m\n    \u001b[36m>\u001b[39m\n      \u001b[36m<div\u001b[39m\n        \u001b[33mclass\u001b[39m=\u001b[32m\"border-2 border-dashed rounded-lg p-12 text-center cursor-pointer transition-colors border-gray-300 dark:border-gray-700 hover:border-primary-light dark:hover:border-primary-light\"\u001b[39m\n        \u001b[33mdata-testid\u001b[39m=\u001b[32m\"dropzone\"\u001b[39m\n      \u001b[36m>\u001b[39m\n        \u001b[36m<input\u001b[39m\n          \u001b[33maccept\u001b[39m=\u001b[32m\".pdf,.md,.txt,.docx\"\u001b[39m\n          \u001b[33mclass\u001b[39m=\u001b[32m\"hidden\"\u001b[39m\n          \u001b[33mdata-testid\u001b[39m=\u001b[32m\"file-input\"\u001b[39m\n          \u001b[33mmultiple\u001b[39m=\u001b[32m\"\"\u001b[39m\n          \u001b[33mtype\u001b[39m=\u001b[32m\"file\"\u001b[39m\n        \u001b[36m/>\u001b[39m\n        \u001b[36m<div\u001b[39m\n          \u001b[33mclass\u001b[39m=\u001b[32m\"space-y-2\"\u001b[39m\n        \u001b[36m>\u001b[39m\n          \u001b[36m<svg\u001b[39m\n            \u001b[33maria-hidden\u001b[39m=\u001b[32m\"true\"\u001b[39m\n            \u001b[33mclass\u001b[39m=\u001b[32m\"mx-auto h-12 w-12 text-gray-400\"\u001b[39m\n            \u001b[33mfill\u001b[39m=\u001b[32m\"none\"\u001b[39m\n            \u001b[33mstroke\u001b[39m=\u001b[32m\"currentColor\"\u001b[39m\n            \u001b[33mviewBox\u001b[39m=\u001b[32m\"0 0 48 48\"\u001b[39m\n          \u001b[36m>\u001b[39m\n            \u001b[36m<path\u001b[39m\n              \u001b[33md\u001b[39m=\u001b[32m\"M28 8H12a4 4 0 00-4 4v20m32-12v8m0 0v8a4 4 0 01-4 4H12a4 4 0 01-4-4v-4m32-4l-3.172-3.172a4 4 0 00-5.656 0L28 28M8 32l9.172-9.172a4 4 0 015.656 0L28 28m0 0l4 4m4-24h8m-4-4v8m-12 4h.02\"\u001b[39m\n              \u001b[33mstroke-linecap\u001b[39m=\u001b[32m\"round\"\u001b[39m\n              \u001b[33mstroke-linejoin\u001b[39m=\u001b[32m\"round\"\u001b[39m\n              \u001b[33mstroke-width\u001b[39m=\u001b[32m\"2\"\u001b[39m\n            \u001b[36m/>\u001b[39m\n          \u001b[36m</svg>\u001b[39m\n          \u001b[36m<div\u001b[39m\n            \u001b[33mclass\u001b[39m=\u001b[32m\"text-sm text-gray-600 dark:text-gray-400\"\u001b[39m\n          \u001b[36m>\u001b[39m\n            \u001b[36m<span\u001b[39m\n              \u001b[33mclass\u001b[39m=\u001b[32m\"font-medium\"\u001b[39m\n            \u001b[36m>\u001b[39m\n              \u001b[0mDrag and drop files here\u001b[0m\n            \u001b[36m</span>\u001b[39m\n            \u001b[0m or click to select files\u001b[0m\n          \u001b[36m</div>\u001b[39m\n          \u001b[36m<p\u001b[39m\n            \u001b[33mclass\u001b[39m=\u001b[32m\"text-xs text-gray-500 dark:text-gray-400\"\u001b[39m\n          \u001b[36m>\u001b[39m\n            \u001b[0mPDF, Markdown, DOCX, or text files up to \u001b[0m\n            \u001b[0m10\u001b[0m\n            \u001b[0mMB\u001b[0m\n          \u001b[36m</p>\u001b[39m\n        \u001b[36m</div>\u001b[39m\n      \u001b[36m</div>\u001b[39m\n      \u001b[36m<ul\u001b[39m\n        \u001b[33mclass\u001b[39m=\u001b[32m\"divide-y divide-gray-200 dark:divide-gray-700 rounded-lg border border-gray-200 dark:border-gray-700\"\u001b[39m\n      \u001b[36m>\u001b[39m\n        \u001b[36m<li\u001b[39m\n          \u001b[33mclass\u001b[39m=\u001b[32m\"flex items-center justify-between p-4 hover:bg-gray-50 dark:hover:bg-gray-800\"\u001b[39m\n        \u001b[36m>\u001b[39m\n          \u001b[36m<div\u001b[39m\n            \u001b[33mclass\u001b[39m=\u001b[32m\"flex items-center space-x-4\"\u001b[39m\n          \u001b[36m>\u001b[39m\n            \u001b[36m<svg\u001b[39m\n              \u001b[33mclass\u001b[39m=\u001b[32m\"h-6 w-6 text-red-500\"\u001b[39m\n              \u001b[33mfill\u001b[39m=\u001b[32m\"none\"\u001b[39m\n              \u001b[33mstroke\u001b[39m=\u001b[32m\"currentColor\"\u001b[39m\n              \u001b[33mviewBox\u001b[39m=\u001b[32m\"0 0 24 24\"\u001b[39m\n              \u001b[33mxmlns\u001b[39m=\u001b[32m\"http://www.w3.org/2000/svg\"\u001b[39m\n            \u001b[36m>\u001b[39m\n              \u001b[36m<path\u001b[39m\n                \u001b[33md\u001b[39m=\u001b[32m\"M7 21h10a2 2 0 002-2V9.414a1 1 0 00-.293-.707l-5.414-5.414A1 1 0 0012.586 3H7a2 2 0 00-2 2v14a2 2 0 002 2z\"\u001b[39m\n                \u001b[33mstroke-linecap\u001b[39m=\u001b[32m\"round\"\u001b[39m\n                \u001b[33mstroke-linejoin\u001b[39m=\u001b[32m\"round\"\u001b[39m\n                \u001b[33mstroke-width\u001b[39m=\u001b[32m\"2\"\u001b[39m\n              \u001b[36m/>\u001b[39m\n            \u001b[36m</svg>\u001b[39m\n            \u001b[36m<div>\u001b[39m\n              \u001b[36m<p\u001b[39m\n                \u001b[33mclass\u001b[39m=\u001b[32m\"text-sm font-medium text-gray-900 dark:text-gray-100\"\u001b[39m\n              \u001b[36m>\u001b[39m\n                \u001b[0mdocument.pdf\u001b[0m\n              \u001b[36m</p>\u001b[39m\n              \u001b[36m<p\u001b[39m\n                \u001b[33mclass\u001b[39m=\u001b[32m\"text-sm text-gray-500 dark:text-gray-400\"\u001b[39m\n              \u001b[36m>\u001b[39m\n                \u001b[0mPDF\u001b[0m\n                \u001b[0m • \u001b[0m\n                \u001b[0m1.0 MB\u001b[0m\n              \u001b[36m</p>\u001b[39m\n            \u001b[36m</div>\u001b[39m\n          \u001b[36m</div>\u001b[39m\n          \u001b[36m<button\u001b[39m\n            \u001b[33maria-label\u001b[39m=\u001b[32m\"remove file\"\u001b[39m\n            \u001b[33mclass\u001b[39m=\u001b[32m\"text-gray-400 hover:text-gray-500 dark:hover:text-gray-300\"\u001b[39m\n          \u001b[36m>\u001b[39m\n            \u001b[36m<svg\u001b[39m\n              \u001b[33mclass\u001b[39m=\u001b[32m\"h-5 w-5\"\u001b[39m\n              \u001b[33mfill\u001b[39m=\u001b[32m\"none\"\u001b[39m\n              \u001b[33mstroke\u001b[39m=\u001b[32m\"currentColor\"\u001b[39m\n              \u001b[33mviewBox\u001b[39m=\u001b[32m\"0 0 24 24\"\u001b[39m\n              \u001b[33mxmlns\u001b[39m=\u001b[32m\"http://www.w3.org/2000/svg\"\u001b[39m\n            \u001b[36m>\u001b[39m\n              \u001b[36m<path\u001b[39m\n                \u001b[33md\u001b[39m=\u001b[32m\"M6 18L18 6M6 6l12 12\"\u001b[39m\n                \u001b[33mstroke-linecap\u001b[39m=\u001b[32m\"round\"\u001b[39m\n                \u001b[33mstroke-linejoin\u001b[39m=\u001b[32m\"round\"\u001b[39m\n                \u001b[33mstroke-width\u001b[39m=\u001b[32m\"2\"\u001b[39m\n              \u001b[36m/>\u001b[39m\n            \u001b[36m</svg>\u001b[39m\n          \u001b[36m</button>\u001b[39m\n        \u001b[36m</li>\u001b[39m\n        \u001b[36m<li\u001b[39m\n          \u001b[33mclass\u001b[39m=\u001b[32m\"flex items-center justify-between p-4 hover:bg-gray-50 dark:hover:bg-gray-800\"\u001b[39m\n        \u001b[36m>\u001b[39m\n          \u001b[36m<div\u001b[39m\n            \u001b[33mclass\u001b[39m=\u001b[32m\"flex items-center space-x-4\"\u001b[39m\n          \u001b[36m>\u001b[39m\n            \u001b[36m<svg\u001b[39m\n              \u001b[33mclass\u001b[39m=\u001b[32m\"h-6 w-6 text-blue-500\"\u001b[39m\n              \u001b[33mfill\u001b[39m=\u001b[32m\"none\"\u001b[39m\n              \u001b[33mstroke\u001b[39m=\u001b[32m\"currentColor\"\u001b[39m\n              \u001b[33mviewBox\u001b[39m=\u001b[32m\"0 0 24 24\"\u001b[39m\n              \u001b[33mxmlns\u001b[39m=\u001b[32m\"http://www.w3.org/2000/
[...]
":{"line":191,"column":8},"end":{"line":193,"column":null}},"103":{"start":{"line":192,"column":12},"end":{"line":192,"column":null}},"104":{"start":{"line":194,"column":8},"end":{"line":194,"column":null}},"105":{"start":{"line":198,"column":4},"end":{"line":200,"column":null}},"106":{"start":{"line":199,"column":8},"end":{"line":199,"column":null}},"107":{"start":{"line":203,"column":4},"end":{"line":209,"column":null}},"108":{"start":{"line":204,"column":8},"end":{"line":204,"column":null}},"109":{"start":{"line":205,"column":8},"end":{"line":207,"column":null}},"110":{"start":{"line":206,"column":12},"end":{"line":206,"column":null}},"111":{"start":{"line":208,"column":8},"end":{"line":208,"column":null}},"112":{"start":{"line":212,"column":17},"end":{"line":212,"column":null}},"113":{"start":{"line":213,"column":4},"end":{"line":213,"column":null}},"114":{"start":{"line":220,"column":28},"end":{"line":310,"column":null}},"115":{"start":{"line":222,"column":16},"end":{"line":304,"column":null}},"116":{"start":{"line":267,"column":51},"end":{"line":272,"column":null}},"117":{"start":{"line":295,"column":71},"end":{"line":300,"column":null}},"118":{"start":{"line":307,"column":19},"end":{"line":307,"column":null}},"119":{"start":{"line":308,"column":17},"end":{"line":308,"column":null}},"120":{"start":{"line":309,"column":4},"end":{"line":309,"column":null}},"121":{"start":{"line":316,"column":27},"end":{"line":360,"column":null}},"122":{"start":{"line":317,"column":15},"end":{"line":317,"column":null}},"123":{"start":{"line":320,"column":4},"end":{"line":324,"column":null}},"124":{"start":{"line":321,"column":8},"end":{"line":321,"column":null}},"125":{"start":{"line":323,"column":8},"end":{"line":323,"column":null}},"126":{"start":{"line":327,"column":4},"end":{"line":327,"column":null}},"127":{"start":{"line":330,"column":4},"end":{"line":332,"column":null}},"128":{"start":{"line":331,"column":8},"end":{"line":331,"column":null}},"129":{"start":{"line":335,"column":4},"end":{"line":341,"column":null}},"130":{"start":{"line":336,"column":8},"end":{"line":336,"column":null}},"131":{"start":{"line":337,"column":8},"end":{"line":339,"column":null}},"132":{"start":{"line":338,"column":12},"end":{"line":338,"column":null}},"133":{"start":{"line":340,"column":8},"end":{"line":340,"column":null}},"134":{"start":{"line":344,"column":4},"end":{"line":346,"column":null}},"135":{"start":{"line":345,"column":8},"end":{"line":345,"column":null}},"136":{"start":{"line":349,"column":4},"end":{"line":355,"column":null}},"137":{"start":{"line":350,"column":8},"end":{"line":350,"column":null}},"138":{"start":{"line":351,"column":8},"end":{"line":353,"column":null}},"139":{"start":{"line":352,"column":12},"end":{"line":352,"column":null}},"140":{"start":{"line":354,"column":8},"end":{"line":354,"column":null}},"141":{"start":{"line":358,"column":17},"end":{"line":358,"column":null}},"142":{"start":{"line":359,"column":4},"end":{"line":359,"column":null}},"143":{"start":{"line":367,"column":38},"end":{"line":399,"column":null}},"144":{"start":{"line":369,"column":20},"end":{"line":369,"column":null}},"145":{"start":{"line":370,"column":4},"end":{"line":370,"column":null}},"146":{"start":{"line":373,"column":20},"end":{"line":373,"column":null}},"147":{"start":{"line":374,"column":18},"end":{"line":374,"column":null}},"148":{"start":{"line":377,"column":22},"end":{"line":377,"column":null}},"149":{"start":{"line":378,"column":20},"end":{"line":378,"column":null}},"150":{"start":{"line":381,"column":30},"end":{"line":381,"column":null}},"151":{"start":{"line":382,"column":22},"end":{"line":382,"column":null}},"152":{"start":{"line":382,"column":62},"end":{"line":382,"column":null}},"153":{"start":{"line":385,"column":23},"end":{"line":385,"column":null}},"154":{"start":{"line":386,"column":29},"end":{"line":386,"column":null}},"155":{"start":{"line":389,"column":24},"end":{"line":389,"column":null}},"156":{"start":{"line":390,"column":28},"end":{"line":390,"column":null}},"157":{"start":{"line":390,"column":62},"end":{"line":390,"column":null}},"158":{"start":{"line":392,"column":4},"end":{"line":398,"column":null}},"159":{"start":{"line":395,"column":38},"end":{"line":395,"column":48}},"160":{"start":{"line":397,"column":50},"end":{"line":397,"column":60}},"161":{"start":{"line":406,"column":30},"end":{"line":426,"column":null}},"162":{"start":{"line":407,"column":4},"end":{"line":425,"column":null}},"163":{"start":{"line":409,"column":12},"end":{"line":409,"column":null}},"164":{"start":{"line":410,"column":12},"end":{"line":410,"column":null}},"165":{"start":{"line":413,"column":12},"end":{"line":413,"column":null}},"166":{"start":{"line":414,"column":12},"end":{"line":414,"column":null}},"167":{"start":{"line":417,"column":12},"end":{"line":417,"column":null}},"168":{"start":{"line":418,"column":12},"end":{"line":418,"column":null}},"169":{"start":{"line":421,"column":12},"end":{"line":421,"column":null}},"170":{"start":{"line":422,"column":12},"end":{"line":422,"column":null}},"171":{"start":{"line":424,"column":12},"end":{"line":424,"column":null}}},"fnMap":{"0":{"name":"(anonymous_8)","decl":{"start":{"line":19,"column":32},"end":{"line":19,"column":33}},"loc":{"start":{"line":19,"column":79},"end":{"line":22,"column":null}}},"1":{"name":"(anonymous_9)","decl":{"start":{"line":28,"column":27},"end":{"line":28,"column":28}},"loc":{"start":{"line":28,"column":28},"end":{"line":164,"column":null}}},"2":{"name":"(anonymous_10)","decl":{"start":{"line":84,"column":31},"end":{"line":84,"column":32}},"loc":{"start":{"line":84,"column":32},"end":{"line":96,"column":null}}},"3":{"name":"(anonymous_11)","decl":{"start":{"line":147,"column":37},"end":{"line":147,"column":38}},"loc":{"start":{"line":147,"column":54},"end":{"line":159,"column":null}}},"4":{"name":"(anonymous_12)","decl":{"start":{"line":170,"column":32},"end":{"line":170,"column":33}},"loc":{"start":{"line":170,"column":33},"end":{"line":214,"column":null}}},"5":{"name":"(anonymous_13)","decl":{"start":{"line":191,"column":31},"end":{"line":191,"column":null}},"loc":{"start":{"line":191,"column":31},"end":{"line":193,"column":null}}},"6":{"name":"(anonymous_14)","decl":{"start":{"line":205,"column":37},"end":{"line":205,"column":38}},"loc":{"start":{"line":205,"column":54},"end":{"line":207,"column":null}}},"7":{"name":"(anonymous_15)","decl":{"start":{"line":220,"column":28},"end":{"line":220,"column":35}},"loc":{"start":{"line":220,"column":35},"end":{"line":310,"column":null}}},"8":{"name":"(anonymous_16)","decl":{"start":{"line":267,"column":42},"end":{"line":267,"column":51}},"loc":{"start":{"line":267,"column":51},"end":{"line":272,"column":null}}},"9":{"name":"(anonymous_17)","decl":{"start":{"line":295,"column":48},"end":{"line":295,"column":49}},"loc":{"start":{"line":295,"column":71},"end":{"line":300,"column":null}}},"10":{"name":"(anonymous_18)","decl":{"start":{"line":316,"column":27},"end":{"line":316,"column":28}},"loc":{"start":{"line":316,"column":28},"end":{"line":360,"column":null}}},"11":{"name":"(anonymous_19)","decl":{"start":{"line":337,"column":31},"end":{"line":337,"column":null}},"loc":{"start":{"line":337,"column":31},"end":{"line":339,"column":null}}},"12":{"name":"(anonymous_20)","decl":{"start":{"line":351,"column":37},"end":{"line":351,"column":38}},"loc":{"start":{"line":351,"column":54},"end":{"line":353,"column":null}}},"13":{"name":"(anonymous_21)","decl":{"start":{"line":367,"column":38},"end":{"line":367,"column":39}},"loc":{"start":{"line":367,"column":39},"end":{"line":399,"column":null}}},"14":{"name":"(anonymous_22)","decl":{"start":{"line":382,"column":56},"end":{"line":382,"column":62}},"loc":{"start":{"line":382,"column":62},"end":{"line":382,"column":null}}},"15":{"name":"(anonymous_23)","decl":{"start":{"line":390,"column":56},"end":{"line":390,"column":62}},"loc":{"start":{"line":390,"column":62},"end":{"line":390,"column":null}}},"16":{"name":"(anonymous_24)","decl":{"start":{"line":395,"column":33},"end":{"line":395,"column":38}},"loc":{"start":{"line":395,"column":38},"end":{"line":395,"column":48}}},"17":{"name":"(anonymous_25)","decl":{"start":{"line":397,"column":45},"end":{"line":397,"column":50}},"loc":{"start":{"line":397,"column":50},"end":{"line":397,"column":60}}},"18":{"name":"(anonymous_26)","decl":{"start":{"line":406,"column":30},"end":{"line":406,"column":37}},"loc":{"start":{"line":406,"column":53},"end":{"line":426,"column":null}}}},"branchMap":{"0":{"loc":{"start":{"line":19,"column":52},"end":{"line":19,"column":79}},"type":"default-arg","locations":[{"start":{"line":19,"column":61},"end":{"line":19,"column":79}}]},"1":{"loc":{"start":{"line":47,"column":4},"end":{"line":55,"column":null}},"type":"if","locations":[{"start":{"line":47,"column":4},"end":{"line":55,"column":null}},{"start":{"line":51,"column":11},"end":{"line":55,"column":null}}]},"2":{"loc":{"start":{"line":64,"column":4},"end":{"line":75,"column":null}},"type":"if","locations":[{"start":{"line":64,"column":4},"end":{"line":75,"column":null}}]},"3":{"loc":{"start":{"line":78,"column":4},"end":{"line":99,"column":null}},"type":"if","locations":[{"start":{"line":78,"column":4},"end":{"line":99,"column":null}}]},"4":{"loc":{"start":{"line":78,"column":8},"end":{"line":78,"column":53}},"type":"binary-expr","locations":[{"start":{"line":78,"column":8},"end":{"line":78,"column":22}},{"start":{"line":78,"column":26},"end":{"line":78,"column":53}}]},"5":{"loc":{"start":{"line":89,"column":12},"end":{"line":92,"column":null}},"type":"if","locations":[{"start":{"line":89,"column":12},"end":{"line":92,"column":null}}]},"6":{"loc":{"start":{"line":102,"column":4},"end":{"line":132,"column":null}},"type":"if","locations":[{"start":{"line":102,"column":4},"end":{"line":132,"column":null}}]},"7":{"loc":{"start":{"line":104,"column":8},"end":{"line":107,"column":null}},"type":"if","locations":[{"start":{"line":104,"column":8},"end":{"line":107,"column":null}}]},"8":{"loc":{"start":{"line":122,"column":12},"end":{"line":125,"column":null}},"type":"if","locations":[{"start":{"line":122,"column":12},"end":{"line":125,"column":null}}]},"9":{"loc":{"start":{"line":135,"column":4},"end":{"line":160,"column":null}},"type":"if","locations":[{"start":{"line":135,"column":4},"end":{"line":160,"column":null}}]},"10":{"loc":{"start":{"line":135,"column":8},"end":{"line":135,"column":65}},"type":"binary-expr","locations":[{"start":{"line":135,"column":8},"end":{"line":135,"column":28}},{"start":{"line":135,"column":32},"end":{"line":135,"column":65}}]},"11":{"loc":{"start":{"line":137,"column":8},"end":{"line":140,"column":null}},"type":"if","locations":[{"start":{"line":137,"column":8},"end":{"line":140,"column":null}}]},"12":{"loc":{"start":{"line":152,"column":12},"end":{"line":155,"column":null}},"type":"if","locations":[{"start":{"line":152,"column":12},"end":{"line":155,"column":null}}]},"13":{"loc":{"start":{"line":174,"column":4},"end":{"line":178,"column":null}},"type":"if","locations":[{"start":{"line":174,"column":4},"end":{"line":178,"column":null}},{"start":{"line":176,"column":11},"end":{"line":178,"column":null}}]},"14":{"loc":{"start":{"line":184,"column":4},"end":{"line":186,"column":null}},"type":"if","locations":[{"start":{"line":184,"column":4},"end":{"line":186,"column":null}}]},"15":{"loc":{"start":{"line":189,"column":4},"end":{"line":195,"column":null}},"type":"if","locations":[{"start":{"line":189,"column":4},"end":{"line":195,"column":null}}]},"16":{"loc":{"start":{"line":189,"column":8},"end":{"line":189,"column":53}},"type":"binary-expr","locations":[{"start":{"line":189,"column":8},"end":{"line":189,"column":22}},{"start":{"line":189,"column":26},"end":{"line":189,"column":53}}]},"17":{"loc":{"start":{"line":198,"column":4},"end":{"line":200,"column":null}},"type":"if","locations":[{"start":{"line":198,"column":4},"end":{"line":200,"column":null}}]},"18":{"loc":{"start":{"line":203,"column":4},"end":{"line":209,"column":null}},"type":"if","locations":[{"start":{"line":203,"column":4},"end":{"line":209,"column":null}}]},"19":{"loc":{"start":{"line":203,"column":8},"end":{"line":203,"column":65}},"type":"binary-expr","locations":[{"start":{"line":203,"column":8},"end":{"line":203,"column":28}},{"start":{"line":203,"column":32},"end":{"line":203,"column":65}}]},"20":{"loc":{"start":{"line":228,"column":26},"end":{"line":228,"column":null}},"type":"binary-expr","locations":[{"start":{"line":228,"column":26},"end":{"line":228,"column":36}},{"start":{"line":228,"column":40},"end":{"line":228,"column":null}}]},"21":{"loc":{"start":{"line":248,"column":20},"end":{"line":259,"column":22}},"type":"cond-expr","locations":[{"start":{"line":248,"column":35},"end":{"line":259,"column":20}},{"start":{"line":259,"column":20},"end":{"line":259,"column":22}}]},"22":{"loc":{"start":{"line":262,"column":20},"end":{"line":273,"column":22}},"type":"cond-expr","locations":[{"start":{"line":262,"column":66},"end":{"line":273,"column":20}},{"start":{"line":273,"column":20},"end":{"line":273,"column":22}}]},"23":{"loc":{"start":{"line":262,"column":20},"end":{"line":262,"column":66}},"type":"binary-expr","locations":[{"start":{"line":262,"column":20},"end":{"line":262,"column":34}},{"start":{"line":262,"column":38},"end":{"line":262,"column":66}}]},"24":{"loc":{"start":{"line":276,"column":20},"end":{"line":287,"column":22}},"type":"cond-expr","locations":[{"start":{"line":276,"column":44},"end":{"line":287,"column":20}},{"start":{"line":287,"column":20},"end":{"line":287,"column":22}}]},"25":{"loc":{"start":{"line":290,"column":20},"end":{"line":301,"column":22}},"type":"cond-expr","locations":[{"start":{"line":290,"column":78},"end":{"line":301,"column":20}},{"start":{"line":301,"column":20},"end":{"line":301,"column":22}}]},"26":{"loc":{"start":{"line":290,"column":20},"end":{"line":290,"column":78}},"type":"binary-expr","locations":[{"start":{"line":290,"column":20},"end":{"line":290,"column":40}},{"start":{"line":290,"column":44},"end":{"line":290,"column":78}}]},"27":{"loc":{"start":{"line":320,"column":4},"end":{"line":324,"column":null}},"type":"if","locations":[{"start":{"line":320,"column":4},"end":{"line":324,"column":null}},{"start":{"line":322,"column":11},"end":{"line":324,"column":null}}]},"28":{"loc":{"start":{"line":330,"column":4},"end":{"line":332,"column":null}},"type":"if","locations":[{"start":{"line":330,"column":4},"end":{"line":332,"column":null}}]},"29":{"loc":{"start":{"line":335,"column":4},"end":{"line":341,"column":null}},"type":"if","locations":[{"start":{"line":335,"column":4},"end":{"line":341,"column":null}}]},"30":{"loc":{"start":{"line":335,"column":8},"end":{"line":335,"column":53}},"type":"binary-expr","locations":[{"start":{"line":335,"column":8},"end":{"line":335,"column":22}},{"start":{"line":335,"column":26},"end":{"line":335,"column":53}}]},"31":{"loc":{"start":{"line":344,"column":4},"end":{"line":346,"column":null}},"type":"if","locations":[{"start":{"line":344,"column":4},"end":{"line":346,"column":null}}]},"32":{"loc":{"start":{"line":349,"column":4},"end":{"line":355,"column":null}},"type":"if","locations":[{"start":{"line":349,"column":4},"end":{"line":355,"column":null}}]},"33":{"loc":{"start":{"line":349,"column":8},"end":{"line":349,"column":65}},"type":"binary-expr","locations":[{"start":{"line":349,"column":8},"end":{"line":349,"column":28}},{"start":{"line":349,"column":32},"end":{"line":349,"column":65}}]},"34":{"loc":{"start":{"line":374,"column":18},"end":{"line":374,"column":null}},"type":"cond-expr","locations":[{"start":{"line":374,"column":28},"end":{"line":374,"column":47}},{"start":{"line":374,"column":50},"end":{"line":374,"column":null}}]},"35":{"loc":{"start":{"line":378,"column":20},"end":{"line":378,"column":null}},"type":"cond-expr","locations":[{"start":{"line":378,"column":32},"end":{"line":378,"column":53}},{"start":{"line":378,"column":56},"end":{"line":378,"column":null}}]},"36":{"loc":{"start":{"line":382,"column":62},"end":{"line":382,"column":null}},"type":"binary-expr","locations":[{"start":{"line":382,"column":62},"end":{"line":382,"column":76}},{"start":{"line":382,"column":80},"end":{"line":382,"column":null}}]},"37":{"loc":{"start":{"line":386,"column":29},"end":{"line":386,"column":null}},"type":"cond-expr","locations":[{"start":{"line":386,"column":42},"end":{"line":386,"column":64}},{"start":{"line":386,"column":67},"end":{"line":386,"column":null}}]},"38":{"loc":{"start":{"line":390,"column":62},"end":{"line":390,"column":null}},"type":"binary-expr","locations":[{"start":{"line":390,"column":62},"end":{"line":390,"column":76}},{"start":{"line":390,"column":80},"end":{"line":390,"column":null}}]},"39":{"loc":{"start":{"line":393,"column":15},"end":{"line":393,"column":null}},"type":"binary-expr","locations":[{"start":{"line":393,"column":15},"end":{"line":393,"column":32}},{"start":{"line":393,"column":32},"end":{"line":393,"column":null}}]},"40":{"loc":{"start":{"line":394,"column":17},"end":{"line":394,"column":null}},"type":"binary-expr","locations":[{"start":{"line":394,"column":17},"end":{"line":394,"column":36}},{"start":{"line":394,"column":36},"end":{"line":394,"column":null}}]},"41":{"loc":{"start":{"line":396,"column":26},"end":{"line":396,"column":null}},"type":"binary-expr","locations":[{"start":{"line":396,"column":26},"end":{"line":396,"column":54}},{"start":{"line":396,"column":54},"end":{"line":396,"column":null}}]},"42":{"loc":{"start":{"line":407,"column":4},"end":{"line":425,"column":null}},"type":"switch","locations":[{"start":{"line":408,"column":8},"end":{"line":410,"column":null}},{"start":{"line":411,"column":8},"end":{"line":411,"column":null}},{"start":{"line":412,"column":8},"end":{"line":414,"column":null}},{"start":{"line":415,"column":8},"end":{"line":415,"column":null}},{"start":{"line":416,"column":8},"end":{"line":418,"column":null}},{"start":{"line":419,"column":8},"end":{"line":419,"column":null}},{"start":{"line":420,"column":8},"end":{"line":422,"column":null}},{"start":{"line":423,"column":8},"end":{"line":424,"column":null}}]}},"s":{"0":0,"1":0,"2":0,"3":0,"4":0,"5":0,"6":0,"7":0,"8":0,"9":0,"10":0,"11":0,"12":0,"13":0,"14":0,"15":0,"16":0,"17":0,"18":0,"19":0,"20":0,"21":0,"22":0,"23":0,"24":0,"25":0,"26":0,"27":0,"28":0,"29":0,"30":0,"31":0,"32":0,"33":0,"34":0,"35":0,"36":0,"37":0,"38":0,"39":0,"40":0,"41":0,"42":0,"43":0,"44":0,"45":0,"46":0,"47":0,"48":0,"49":0,"50":0,"51":0,"52":0,"53":0,"54":0,"55":0,"56":0,"57":0,"58":0,"59":0,"60":0,"61":0,"62":0,"63":0,"64":0,"65":0,"66":0,"67":0,"68":0,"69":0,"70":0,"71":0,"72":0,"73":0,"74":0,"75":0,"76":0,"77":0,"78":0,"79":0,"80":0,"81":0,"82":0,"83":0,"84":0,"85":0,"86":0,"87":0,"88":0,"89":0,"90":0,"91":0,"92":0,"93":0,"94":0,"95":0,"96":0,"97":0,"98":0,"99":0,"100":0,"101":0,"102":0,"103":0,"104":0,"105":0,"106":0,"107":0,"108":0,"109":0,"110":0,"111":0,"112":0,"113":0,"114":0,"115":0,"116":0,"117":0,"118":0,"119":0,"120":0,"121":0,"122":0,"123":0,"124":0,"125":0,"126":0,"127":0,"128":0,"129":0,"130":0,"131":0,"132":0,"133":0,"134":0,"135":0,"136":0,"137":0,"138":0,"139":0,"140":0,"141":0,"142":0,"143":0,"144":0,"145":0,"146":0,"147":0,"148":0,"149":0,"150":0,"151":0,"152":0,"153":0,"154":0,"155":0,"156":0,"157":0,"158":0,"159":0,"160":0,"161":0,"162":0,"163":0,"164":0,"165":0,"166":0,"167":0,"168":0,"169":0,"170":0,"171":0},"f":{"0":0,"1":0,"2":0,"3":0,"4":0,"5":0,"6":0,"7":0,"8":0,"9":0,"10":0,"11":0,"12":0,"13":0,"14":0,"15":0,"16":0,"17":0,"18":0},"b":{"0":[0],"1":[0,0],"2":[0],"3":[0],"4":[0,0],"5":[0],"6":[0],"7":[0],"8":[0],"9":[0],"10":[0,0],"11":[0],"12":[0],"13":[0,0],"14":[0],"15":[0],"16":[0,0],"17":[0],"18":[0],"19":[0,0],"20":[0,0],"21":[0,0],"22":[0,0],"23":[0,0],"24":[0,0],"25":[0,0],"26":[0,0],"27":[0,0],"28":[0],"29":[0],"30":[0,0],"31":[0],"32":[0],"33":[0,0],"34":[0,0],"35":[0,0],"36":[0,0],"37":[0,0],"38":[0,0],"39":[0,0],"40":[0,0],"41":[0,0],"42":[0,0,0,0,0,0,0,0]}}}}
